01:03:29.533 [HikariPool-1 housekeeper] WARN  com.zaxxer.hikari.pool.HikariPool - HikariPool-1 - Thread starvation or clock leap detected (housekeeper delta=1h37m9s425ms).
02:39:24.871 [HikariPool-1 housekeeper] WARN  com.zaxxer.hikari.pool.HikariPool - HikariPool-1 - Thread starvation or clock leap detected (housekeeper delta=1h35m55s338ms).
04:04:23.816 [HikariPool-1 housekeeper] WARN  com.zaxxer.hikari.pool.HikariPool - HikariPool-1 - Thread starvation or clock leap detected (housekeeper delta=1h24m58s945ms).
05:46:29.194 [HikariPool-1 housekeeper] WARN  com.zaxxer.hikari.pool.HikariPool - HikariPool-1 - Thread starvation or clock leap detected (housekeeper delta=1h42m5s378ms).
06:53:47.849 [HikariPool-1 housekeeper] WARN  com.zaxxer.hikari.pool.HikariPool - HikariPool-1 - Thread starvation or clock leap detected (housekeeper delta=1h7m18s655ms).
07:29:57.547 [HikariPool-1 housekeeper] WARN  com.zaxxer.hikari.pool.HikariPool - HikariPool-1 - Thread starvation or clock leap detected (housekeeper delta=36m9s698ms).
09:09:47.790 [HikariPool-1 housekeeper] WARN  com.zaxxer.hikari.pool.HikariPool - HikariPool-1 - Thread starvation or clock leap detected (housekeeper delta=1h39m50s243ms).
09:15:49.533 [HikariPool-1 housekeeper] WARN  com.zaxxer.hikari.pool.HikariPool - HikariPool-1 - Thread starvation or clock leap detected (housekeeper delta=6m1s743ms).
09:51:04.584 [HikariPool-1 housekeeper] WARN  com.zaxxer.hikari.pool.HikariPool - HikariPool-1 - Thread starvation or clock leap detected (housekeeper delta=33m43s374ms).
10:16:43.038 [HikariPool-1 housekeeper] WARN  com.zaxxer.hikari.pool.HikariPool - HikariPool-1 - Thread starvation or clock leap detected (housekeeper delta=25m38s454ms).
10:35:55.301 [HikariPool-1 housekeeper] WARN  com.zaxxer.hikari.pool.HikariPool - HikariPool-1 - Thread starvation or clock leap detected (housekeeper delta=17m40s683ms).
11:27:19.093 [HikariPool-1 housekeeper] WARN  com.zaxxer.hikari.pool.HikariPool - HikariPool-1 - Thread starvation or clock leap detected (housekeeper delta=51m23s791ms).
13:49:45.614 [HikariPool-1 housekeeper] WARN  com.zaxxer.hikari.pool.HikariPool - HikariPool-1 - Thread starvation or clock leap detected (housekeeper delta=1h3m25s715ms).
14:21:24.604 [HikariPool-1 housekeeper] WARN  com.zaxxer.hikari.pool.HikariPool - HikariPool-1 - Thread starvation or clock leap detected (housekeeper delta=31m38s992ms).
14:30:56.562 [HikariPool-1 housekeeper] WARN  com.zaxxer.hikari.pool.HikariPool - HikariPool-1 - Thread starvation or clock leap detected (housekeeper delta=9m31s958ms).
14:34:57.949 [http-nio-8080-exec-1] ERROR o.a.c.c.C.[.[.[.[dispatcherServlet] - Servlet.service() for servlet [dispatcherServlet] in context with path [] threw exception
io.jsonwebtoken.ExpiredJwtException: JWT expired at 2024-12-26T00:01:51Z. Current time: 2024-12-26T19:34:57Z, a difference of 70386917 milliseconds.  Allowed clock skew: 0 milliseconds.
	at io.jsonwebtoken.impl.DefaultJwtParser.parse(DefaultJwtParser.java:427)
	at io.jsonwebtoken.impl.DefaultJwtParser.parse(DefaultJwtParser.java:529)
	at io.jsonwebtoken.impl.DefaultJwtParser.parseClaimsJws(DefaultJwtParser.java:589)
	at io.jsonwebtoken.impl.ImmutableJwtParser.parseClaimsJws(ImmutableJwtParser.java:173)
	at com.financetracker.infrastructure.security.JwtTokenUtil.extractAllClaims(JsonTokenUtil.kt:52)
	at com.financetracker.infrastructure.security.JwtTokenUtil.extractClaim(JsonTokenUtil.kt:44)
	at com.financetracker.infrastructure.security.JwtTokenUtil.extractUsername(JsonTokenUtil.kt:40)
	at com.financetracker.infrastructure.security.JwtRequestFilter.doFilterInternal(JwtRequestFilter.kt:31)
	at org.springframework.web.filter.OncePerRequestFilter.doFilter(OncePerRequestFilter.java:116)
	at org.springframework.security.web.ObservationFilterChainDecorator$ObservationFilter.wrapFilter(ObservationFilterChainDecorator.java:240)
	at org.springframework.security.web.ObservationFilterChainDecorator$ObservationFilter.doFilter(ObservationFilterChainDecorator.java:227)
	at org.springframework.security.web.ObservationFilterChainDecorator$VirtualFilterChain.doFilter(ObservationFilterChainDecorator.java:137)
	at org.springframework.security.web.authentication.logout.LogoutFilter.doFilter(LogoutFilter.java:107)
	at org.springframework.security.web.authentication.logout.LogoutFilter.doFilter(LogoutFilter.java:93)
	at org.springframework.security.web.ObservationFilterChainDecorator$ObservationFilter.wrapFilter(ObservationFilterChainDecorator.java:240)
	at org.springframework.security.web.ObservationFilterChainDecorator$ObservationFilter.doFilter(ObservationFilterChainDecorator.java:227)
	at org.springframework.security.web.ObservationFilterChainDecorator$VirtualFilterChain.doFilter(ObservationFilterChainDecorator.java:137)
	at org.springframework.web.filter.CorsFilter.doFilterInternal(CorsFilter.java:91)
	at org.springframework.web.filter.OncePerRequestFilter.doFilter(OncePerRequestFilter.java:116)
	at org.springframework.security.web.ObservationFilterChainDecorator$ObservationFilter.wrapFilter(ObservationFilterChainDecorator.java:240)
	at org.springframework.security.web.ObservationFilterChainDecorator$ObservationFilter.doFilter(ObservationFilterChainDecorator.java:227)
	at org.springframework.security.web.ObservationFilterChainDecorator$VirtualFilterChain.doFilter(ObservationFilterChainDecorator.java:137)
	at org.springframework.security.web.header.HeaderWriterFilter.doHeadersAfter(HeaderWriterFilter.java:90)
	at org.springframework.security.web.header.HeaderWriterFilter.doFilterInternal(HeaderWriterFilter.java:75)
	at org.springframework.web.filter.OncePerRequestFilter.doFilter(OncePerRequestFilter.java:116)
	at org.springframework.security.web.ObservationFilterChainDecorator$ObservationFilter.wrapFilter(ObservationFilterChainDecorator.java:240)
	at org.springframework.security.web.ObservationFilterChainDecorator$ObservationFilter.doFilter(ObservationFilterChainDecorator.java:227)
	at org.springframework.security.web.ObservationFilterChainDecorator$VirtualFilterChain.doFilter(ObservationFilterChainDecorator.java:137)
	at org.springframework.security.web.context.SecurityContextHolderFilter.doFilter(SecurityContextHolderFilter.java:82)
	at org.springframework.security.web.context.SecurityContextHolderFilter.doFilter(SecurityContextHolderFilter.java:69)
	at org.springframework.security.web.ObservationFilterChainDecorator$ObservationFilter.wrapFilter(ObservationFilterChainDecorator.java:240)
	at org.springframework.security.web.ObservationFilterChainDecorator$ObservationFilter.doFilter(ObservationFilterChainDecorator.java:227)
	at org.springframework.security.web.ObservationFilterChainDecorator$VirtualFilterChain.doFilter(ObservationFilterChainDecorator.java:137)
	at org.springframework.security.web.context.request.async.WebAsyncManagerIntegrationFilter.doFilterInternal(WebAsyncManagerIntegrationFilter.java:62)
	at org.springframework.web.filter.OncePerRequestFilter.doFilter(OncePerRequestFilter.java:116)
	at org.springframework.security.web.ObservationFilterChainDecorator$ObservationFilter.wrapFilter(ObservationFilterChainDecorator.java:240)
	at org.springframework.security.web.ObservationFilterChainDecorator$ObservationFilter.doFilter(ObservationFilterChainDecorator.java:227)
	at org.springframework.security.web.ObservationFilterChainDecorator$VirtualFilterChain.doFilter(ObservationFilterChainDecorator.java:137)
	at org.springframework.security.web.session.DisableEncodeUrlFilter.doFilterInternal(DisableEncodeUrlFilter.java:42)
	at org.springframework.web.filter.OncePerRequestFilter.doFilter(OncePerRequestFilter.java:116)
	at org.springframework.security.web.ObservationFilterChainDecorator$ObservationFilter.wrapFilter(ObservationFilterChainDecorator.java:240)
	at org.springframework.security.web.ObservationFilterChainDecorator$AroundFilterObservation$SimpleAroundFilterObservation.lambda$wrap$0(ObservationFilterChainDecorator.java:323)
	at org.springframework.security.web.ObservationFilterChainDecorator$ObservationFilter.doFilter(ObservationFilterChainDecorator.java:224)
	at org.springframework.security.web.ObservationFilterChainDecorator$VirtualFilterChain.doFilter(ObservationFilterChainDecorator.java:137)
	at org.springframework.security.web.FilterChainProxy.doFilterInternal(FilterChainProxy.java:233)
	at org.springframework.security.web.FilterChainProxy.doFilter(FilterChainProxy.java:191)
	at org.springframework.web.filter.CompositeFilter$VirtualFilterChain.doFilter(CompositeFilter.java:113)
	at org.springframework.web.servlet.handler.HandlerMappingIntrospector.lambda$createCacheFilter$3(HandlerMappingIntrospector.java:195)
	at org.springframework.web.filter.CompositeFilter$VirtualFilterChain.doFilter(CompositeFilter.java:113)
	at org.springframework.web.filter.CompositeFilter.doFilter(CompositeFilter.java:74)
	at org.springframework.security.config.annotation.web.configuration.WebMvcSecurityConfiguration$CompositeFilterChainProxy.doFilter(WebMvcSecurityConfiguration.java:225)
	at org.springframework.web.filter.DelegatingFilterProxy.invokeDelegate(DelegatingFilterProxy.java:352)
	at org.springframework.web.filter.DelegatingFilterProxy.doFilter(DelegatingFilterProxy.java:268)
	at org.apache.catalina.core.ApplicationFilterChain.internalDoFilter(ApplicationFilterChain.java:174)
	at org.apache.catalina.core.ApplicationFilterChain.doFilter(ApplicationFilterChain.java:149)
	at org.springframework.web.filter.RequestContextFilter.doFilterInternal(RequestContextFilter.java:100)
	at org.springframework.web.filter.OncePerRequestFilter.doFilter(OncePerRequestFilter.java:116)
	at org.apache.catalina.core.ApplicationFilterChain.internalDoFilter(ApplicationFilterChain.java:174)
	at org.apache.catalina.core.ApplicationFilterChain.doFilter(ApplicationFilterChain.java:149)
	at org.springframework.web.filter.FormContentFilter.doFilterInternal(FormContentFilter.java:93)
	at org.springframework.web.filter.OncePerRequestFilter.doFilter(OncePerRequestFilter.java:116)
	at org.apache.catalina.core.ApplicationFilterChain.internalDoFilter(ApplicationFilterChain.java:174)
	at org.apache.catalina.core.ApplicationFilterChain.doFilter(ApplicationFilterChain.java:149)
	at org.springframework.web.filter.ServerHttpObservationFilter.doFilterInternal(ServerHttpObservationFilter.java:109)
	at org.springframework.web.filter.OncePerRequestFilter.doFilter(OncePerRequestFilter.java:116)
	at org.apache.catalina.core.ApplicationFilterChain.internalDoFilter(ApplicationFilterChain.java:174)
	at org.apache.catalina.core.ApplicationFilterChain.doFilter(ApplicationFilterChain.java:149)
	at org.springframework.web.filter.CharacterEncodingFilter.doFilterInternal(CharacterEncodingFilter.java:201)
	at org.springframework.web.filter.OncePerRequestFilter.doFilter(OncePerRequestFilter.java:116)
	at org.apache.catalina.core.ApplicationFilterChain.internalDoFilter(ApplicationFilterChain.java:174)
	at org.apache.catalina.core.ApplicationFilterChain.doFilter(ApplicationFilterChain.java:149)
	at org.apache.catalina.core.StandardWrapperValve.invoke(StandardWrapperValve.java:167)
	at org.apache.catalina.core.StandardContextValve.invoke(StandardContextValve.java:90)
	at org.apache.catalina.authenticator.AuthenticatorBase.invoke(AuthenticatorBase.java:482)
	at org.apache.catalina.core.StandardHostValve.invoke(StandardHostValve.java:115)
	at org.apache.catalina.valves.ErrorReportValve.invoke(ErrorReportValve.java:93)
	at org.apache.catalina.core.StandardEngineValve.invoke(StandardEngineValve.java:74)
	at org.apache.catalina.connector.CoyoteAdapter.service(CoyoteAdapter.java:340)
	at org.apache.coyote.http11.Http11Processor.service(Http11Processor.java:391)
	at org.apache.coyote.AbstractProcessorLight.process(AbstractProcessorLight.java:63)
	at org.apache.coyote.AbstractProtocol$ConnectionHandler.process(AbstractProtocol.java:896)
	at org.apache.tomcat.util.net.NioEndpoint$SocketProcessor.doRun(NioEndpoint.java:1744)
	at org.apache.tomcat.util.net.SocketProcessorBase.run(SocketProcessorBase.java:52)
	at org.apache.tomcat.util.threads.ThreadPoolExecutor.runWorker(ThreadPoolExecutor.java:1191)
	at org.apache.tomcat.util.threads.ThreadPoolExecutor$Worker.run(ThreadPoolExecutor.java:659)
	at org.apache.tomcat.util.threads.TaskThread$WrappingRunnable.run(TaskThread.java:61)
	at java.base/java.lang.Thread.run(Thread.java:833)
14:34:57.963 [http-nio-8080-exec-8] ERROR o.a.c.c.C.[.[.[.[dispatcherServlet] - Servlet.service() for servlet [dispatcherServlet] in context with path [] threw exception
io.jsonwebtoken.ExpiredJwtException: JWT expired at 2024-12-26T00:01:51Z. Current time: 2024-12-26T19:34:57Z, a difference of 70386963 milliseconds.  Allowed clock skew: 0 milliseconds.
	at io.jsonwebtoken.impl.DefaultJwtParser.parse(DefaultJwtParser.java:427)
	at io.jsonwebtoken.impl.DefaultJwtParser.parse(DefaultJwtParser.java:529)
	at io.jsonwebtoken.impl.DefaultJwtParser.parseClaimsJws(DefaultJwtParser.java:589)
	at io.jsonwebtoken.impl.ImmutableJwtParser.parseClaimsJws(ImmutableJwtParser.java:173)
	at com.financetracker.infrastructure.security.JwtTokenUtil.extractAllClaims(JsonTokenUtil.kt:52)
	at com.financetracker.infrastructure.security.JwtTokenUtil.extractClaim(JsonTokenUtil.kt:44)
	at com.financetracker.infrastructure.security.JwtTokenUtil.extractUsername(JsonTokenUtil.kt:40)
	at com.financetracker.infrastructure.security.JwtRequestFilter.doFilterInternal(JwtRequestFilter.kt:31)
	at org.springframework.web.filter.OncePerRequestFilter.doFilter(OncePerRequestFilter.java:116)
	at org.springframework.security.web.ObservationFilterChainDecorator$ObservationFilter.wrapFilter(ObservationFilterChainDecorator.java:240)
	at org.springframework.security.web.ObservationFilterChainDecorator$ObservationFilter.doFilter(ObservationFilterChainDecorator.java:227)
	at org.springframework.security.web.ObservationFilterChainDecorator$VirtualFilterChain.doFilter(ObservationFilterChainDecorator.java:137)
	at org.springframework.security.web.authentication.logout.LogoutFilter.doFilter(LogoutFilter.java:107)
	at org.springframework.security.web.authentication.logout.LogoutFilter.doFilter(LogoutFilter.java:93)
	at org.springframework.security.web.ObservationFilterChainDecorator$ObservationFilter.wrapFilter(ObservationFilterChainDecorator.java:240)
	at org.springframework.security.web.ObservationFilterChainDecorator$ObservationFilter.doFilter(ObservationFilterChainDecorator.java:227)
	at org.springframework.security.web.ObservationFilterChainDecorator$VirtualFilterChain.doFilter(ObservationFilterChainDecorator.java:137)
	at org.springframework.web.filter.CorsFilter.doFilterInternal(CorsFilter.java:91)
	at org.springframework.web.filter.OncePerRequestFilter.doFilter(OncePerRequestFilter.java:116)
	at org.springframework.security.web.ObservationFilterChainDecorator$ObservationFilter.wrapFilter(ObservationFilterChainDecorator.java:240)
	at org.springframework.security.web.ObservationFilterChainDecorator$ObservationFilter.doFilter(ObservationFilterChainDecorator.java:227)
	at org.springframework.security.web.ObservationFilterChainDecorator$VirtualFilterChain.doFilter(ObservationFilterChainDecorator.java:137)
	at org.springframework.security.web.header.HeaderWriterFilter.doHeadersAfter(HeaderWriterFilter.java:90)
	at org.springframework.security.web.header.HeaderWriterFilter.doFilterInternal(HeaderWriterFilter.java:75)
	at org.springframework.web.filter.OncePerRequestFilter.doFilter(OncePerRequestFilter.java:116)
	at org.springframework.security.web.ObservationFilterChainDecorator$ObservationFilter.wrapFilter(ObservationFilterChainDecorator.java:240)
	at org.springframework.security.web.ObservationFilterChainDecorator$ObservationFilter.doFilter(ObservationFilterChainDecorator.java:227)
	at org.springframework.security.web.ObservationFilterChainDecorator$VirtualFilterChain.doFilter(ObservationFilterChainDecorator.java:137)
	at org.springframework.security.web.context.SecurityContextHolderFilter.doFilter(SecurityContextHolderFilter.java:82)
	at org.springframework.security.web.context.SecurityContextHolderFilter.doFilter(SecurityContextHolderFilter.java:69)
	at org.springframework.security.web.ObservationFilterChainDecorator$ObservationFilter.wrapFilter(ObservationFilterChainDecorator.java:240)
	at org.springframework.security.web.ObservationFilterChainDecorator$ObservationFilter.doFilter(ObservationFilterChainDecorator.java:227)
	at org.springframework.security.web.ObservationFilterChainDecorator$VirtualFilterChain.doFilter(ObservationFilterChainDecorator.java:137)
	at org.springframework.security.web.context.request.async.WebAsyncManagerIntegrationFilter.doFilterInternal(WebAsyncManagerIntegrationFilter.java:62)
	at org.springframework.web.filter.OncePerRequestFilter.doFilter(OncePerRequestFilter.java:116)
	at org.springframework.security.web.ObservationFilterChainDecorator$ObservationFilter.wrapFilter(ObservationFilterChainDecorator.java:240)
	at org.springframework.security.web.ObservationFilterChainDecorator$ObservationFilter.doFilter(ObservationFilterChainDecorator.java:227)
	at org.springframework.security.web.ObservationFilterChainDecorator$VirtualFilterChain.doFilter(ObservationFilterChainDecorator.java:137)
	at org.springframework.security.web.session.DisableEncodeUrlFilter.doFilterInternal(DisableEncodeUrlFilter.java:42)
	at org.springframework.web.filter.OncePerRequestFilter.doFilter(OncePerRequestFilter.java:116)
	at org.springframework.security.web.ObservationFilterChainDecorator$ObservationFilter.wrapFilter(ObservationFilterChainDecorator.java:240)
	at org.springframework.security.web.ObservationFilterChainDecorator$AroundFilterObservation$SimpleAroundFilterObservation.lambda$wrap$0(ObservationFilterChainDecorator.java:323)
	at org.springframework.security.web.ObservationFilterChainDecorator$ObservationFilter.doFilter(ObservationFilterChainDecorator.java:224)
	at org.springframework.security.web.ObservationFilterChainDecorator$VirtualFilterChain.doFilter(ObservationFilterChainDecorator.java:137)
	at org.springframework.security.web.FilterChainProxy.doFilterInternal(FilterChainProxy.java:233)
	at org.springframework.security.web.FilterChainProxy.doFilter(FilterChainProxy.java:191)
	at org.springframework.web.filter.CompositeFilter$VirtualFilterChain.doFilter(CompositeFilter.java:113)
	at org.springframework.web.servlet.handler.HandlerMappingIntrospector.lambda$createCacheFilter$3(HandlerMappingIntrospector.java:195)
	at org.springframework.web.filter.CompositeFilter$VirtualFilterChain.doFilter(CompositeFilter.java:113)
	at org.springframework.web.filter.CompositeFilter.doFilter(CompositeFilter.java:74)
	at org.springframework.security.config.annotation.web.configuration.WebMvcSecurityConfiguration$CompositeFilterChainProxy.doFilter(WebMvcSecurityConfiguration.java:225)
	at org.springframework.web.filter.DelegatingFilterProxy.invokeDelegate(DelegatingFilterProxy.java:352)
	at org.springframework.web.filter.DelegatingFilterProxy.doFilter(DelegatingFilterProxy.java:268)
	at org.apache.catalina.core.ApplicationFilterChain.internalDoFilter(ApplicationFilterChain.java:174)
	at org.apache.catalina.core.ApplicationFilterChain.doFilter(ApplicationFilterChain.java:149)
	at org.springframework.web.filter.RequestContextFilter.doFilterInternal(RequestContextFilter.java:100)
	at org.springframework.web.filter.OncePerRequestFilter.doFilter(OncePerRequestFilter.java:116)
	at org.apache.catalina.core.ApplicationFilterChain.internalDoFilter(ApplicationFilterChain.java:174)
	at org.apache.catalina.core.ApplicationFilterChain.doFilter(ApplicationFilterChain.java:149)
	at org.springframework.web.filter.FormContentFilter.doFilterInternal(FormContentFilter.java:93)
	at org.springframework.web.filter.OncePerRequestFilter.doFilter(OncePerRequestFilter.java:116)
	at org.apache.catalina.core.ApplicationFilterChain.internalDoFilter(ApplicationFilterChain.java:174)
	at org.apache.catalina.core.ApplicationFilterChain.doFilter(ApplicationFilterChain.java:149)
	at org.springframework.web.filter.ServerHttpObservationFilter.doFilterInternal(ServerHttpObservationFilter.java:109)
	at org.springframework.web.filter.OncePerRequestFilter.doFilter(OncePerRequestFilter.java:116)
	at org.apache.catalina.core.ApplicationFilterChain.internalDoFilter(ApplicationFilterChain.java:174)
	at org.apache.catalina.core.ApplicationFilterChain.doFilter(ApplicationFilterChain.java:149)
	at org.springframework.web.filter.CharacterEncodingFilter.doFilterInternal(CharacterEncodingFilter.java:201)
	at org.springframework.web.filter.OncePerRequestFilter.doFilter(OncePerRequestFilter.java:116)
	at org.apache.catalina.core.ApplicationFilterChain.internalDoFilter(ApplicationFilterChain.java:174)
	at org.apache.catalina.core.ApplicationFilterChain.doFilter(ApplicationFilterChain.java:149)
	at org.apache.catalina.core.StandardWrapperValve.invoke(StandardWrapperValve.java:167)
	at org.apache.catalina.core.StandardContextValve.invoke(StandardContextValve.java:90)
	at org.apache.catalina.authenticator.AuthenticatorBase.invoke(AuthenticatorBase.java:482)
	at org.apache.catalina.core.StandardHostValve.invoke(StandardHostValve.java:115)
	at org.apache.catalina.valves.ErrorReportValve.invoke(ErrorReportValve.java:93)
	at org.apache.catalina.core.StandardEngineValve.invoke(StandardEngineValve.java:74)
	at org.apache.catalina.connector.CoyoteAdapter.service(CoyoteAdapter.java:340)
	at org.apache.coyote.http11.Http11Processor.service(Http11Processor.java:391)
	at org.apache.coyote.AbstractProcessorLight.process(AbstractProcessorLight.java:63)
	at org.apache.coyote.AbstractProtocol$ConnectionHandler.process(AbstractProtocol.java:896)
	at org.apache.tomcat.util.net.NioEndpoint$SocketProcessor.doRun(NioEndpoint.java:1744)
	at org.apache.tomcat.util.net.SocketProcessorBase.run(SocketProcessorBase.java:52)
	at org.apache.tomcat.util.threads.ThreadPoolExecutor.runWorker(ThreadPoolExecutor.java:1191)
	at org.apache.tomcat.util.threads.ThreadPoolExecutor$Worker.run(ThreadPoolExecutor.java:659)
	at org.apache.tomcat.util.threads.TaskThread$WrappingRunnable.run(TaskThread.java:61)
	at java.base/java.lang.Thread.run(Thread.java:833)
14:35:05.835 [http-nio-8080-exec-5] INFO  c.f.i.a.inbound.AuthController - Received login request for user: geet
14:35:05.955 [http-nio-8080-exec-5] INFO  c.f.i.a.inbound.AuthController - User logged in successfully: geet
14:35:07.991 [http-nio-8080-exec-1] INFO  c.f.i.a.inbound.AccountController - Received request to fetch account balances for user: geet
14:35:07.994 [http-nio-8080-exec-1] INFO  c.f.i.a.inbound.AccountController - Successfully fetched 4 account balances for user: geet
14:35:08.009 [http-nio-8080-exec-8] INFO  c.f.i.a.inbound.AccountController - Received request to fetch account balances for user: geet
14:35:08.011 [http-nio-8080-exec-8] INFO  c.f.i.a.inbound.AccountController - Successfully fetched 4 account balances for user: geet
14:35:08.735 [http-nio-8080-exec-10] INFO  c.f.i.a.i.TransactionController - Received request to list transactions for user: geet, month: 2024-11
14:35:08.736 [http-nio-8080-exec-6] INFO  c.f.i.a.i.TransactionController - Received request to list transactions for user: geet, month: 2024-11
14:35:08.750 [http-nio-8080-exec-10] INFO  c.f.i.a.i.TransactionController - Successfully fetched 138 expenses for user: geet, month: 2024-11
14:35:08.751 [http-nio-8080-exec-6] INFO  c.f.i.a.i.TransactionController - Successfully fetched 138 expenses for user: geet, month: 2024-11
14:35:15.335 [http-nio-8080-exec-10] INFO  c.f.i.a.i.IncomeSourceController - Received request to list income sources for user: geet
14:35:15.338 [http-nio-8080-exec-10] INFO  c.f.i.a.i.IncomeSourceController - Successfully fetched 2 income sources for user: geet
14:35:15.353 [http-nio-8080-exec-1] INFO  c.f.i.a.i.IncomeSourceController - Received request to list income sources for user: geet
14:35:15.354 [http-nio-8080-exec-1] INFO  c.f.i.a.i.IncomeSourceController - Successfully fetched 2 income sources for user: geet
14:35:40.020 [http-nio-8080-exec-5] INFO  c.f.i.a.inbound.AccountController - Received request to fetch account balances for user: geet
14:35:40.026 [http-nio-8080-exec-5] INFO  c.f.i.a.inbound.AccountController - Successfully fetched 4 account balances for user: geet
14:35:40.037 [http-nio-8080-exec-6] INFO  c.f.i.a.inbound.AccountController - Received request to fetch account balances for user: geet
14:35:40.039 [http-nio-8080-exec-6] INFO  c.f.i.a.inbound.AccountController - Successfully fetched 4 account balances for user: geet
14:35:44.138 [http-nio-8080-exec-6] INFO  c.f.i.a.i.TransactionController - Received request to list transactions for user: geet, month: 2024-11
14:35:44.146 [http-nio-8080-exec-9] INFO  c.f.i.a.i.TransactionController - Received request to list transactions for user: geet, month: 2024-11
14:35:44.149 [http-nio-8080-exec-6] INFO  c.f.i.a.i.TransactionController - Successfully fetched 138 expenses for user: geet, month: 2024-11
14:35:44.155 [http-nio-8080-exec-9] INFO  c.f.i.a.i.TransactionController - Successfully fetched 138 expenses for user: geet, month: 2024-11
14:39:01.696 [http-nio-8080-exec-9] INFO  c.f.i.a.inbound.AccountController - Received request to fetch account balances for user: geet
14:39:01.699 [http-nio-8080-exec-9] INFO  c.f.i.a.inbound.AccountController - Successfully fetched 4 account balances for user: geet
14:39:01.707 [http-nio-8080-exec-1] INFO  c.f.i.a.inbound.AccountController - Received request to fetch account balances for user: geet
14:39:01.709 [http-nio-8080-exec-1] INFO  c.f.i.a.inbound.AccountController - Successfully fetched 4 account balances for user: geet
14:39:04.766 [http-nio-8080-exec-1] INFO  c.f.i.a.i.TransactionController - Received request to list transactions for user: geet, month: 2024-11
14:39:04.766 [http-nio-8080-exec-10] INFO  c.f.i.a.i.TransactionController - Received request to list transactions for user: geet, month: 2024-11
14:39:04.777 [http-nio-8080-exec-1] INFO  c.f.i.a.i.TransactionController - Successfully fetched 138 expenses for user: geet, month: 2024-11
14:39:04.779 [http-nio-8080-exec-10] INFO  c.f.i.a.i.TransactionController - Successfully fetched 138 expenses for user: geet, month: 2024-11
14:42:22.072 [http-nio-8080-exec-1] INFO  c.f.i.a.i.TransactionController - Received request to list transactions for user: geet, month: 2024-11
14:42:22.072 [http-nio-8080-exec-7] INFO  c.f.i.a.i.TransactionController - Received request to list transactions for user: geet, month: 2024-11
14:42:22.087 [http-nio-8080-exec-7] INFO  c.f.i.a.i.TransactionController - Successfully fetched 138 expenses for user: geet, month: 2024-11
14:42:22.087 [http-nio-8080-exec-1] INFO  c.f.i.a.i.TransactionController - Successfully fetched 138 expenses for user: geet, month: 2024-11
14:42:27.085 [http-nio-8080-exec-4] INFO  c.f.i.a.i.TransactionController - Received request to list transactions for user: geet, month: 2024-11
14:42:27.110 [http-nio-8080-exec-4] INFO  c.f.i.a.i.TransactionController - Successfully fetched 138 expenses for user: geet, month: 2024-11
14:42:43.073 [http-nio-8080-exec-3] INFO  c.f.i.a.i.TransactionController - Received request to list transactions for user: geet, month: 2024-11
14:42:43.083 [http-nio-8080-exec-3] INFO  c.f.i.a.i.TransactionController - Successfully fetched 138 expenses for user: geet, month: 2024-11
14:43:01.094 [http-nio-8080-exec-3] INFO  c.f.i.a.i.TransactionController - Received request to list transactions for user: geet, month: 2024-11
14:43:01.094 [http-nio-8080-exec-8] INFO  c.f.i.a.i.TransactionController - Received request to list transactions for user: geet, month: 2024-11
14:43:01.109 [http-nio-8080-exec-8] INFO  c.f.i.a.i.TransactionController - Successfully fetched 138 expenses for user: geet, month: 2024-11
14:43:01.109 [http-nio-8080-exec-3] INFO  c.f.i.a.i.TransactionController - Successfully fetched 138 expenses for user: geet, month: 2024-11
14:43:37.076 [http-nio-8080-exec-2] INFO  c.f.i.a.i.TransactionController - Received request to list transactions for user: geet, month: 2024-11
14:43:37.076 [http-nio-8080-exec-9] INFO  c.f.i.a.i.TransactionController - Received request to list transactions for user: geet, month: 2024-11
14:43:37.087 [http-nio-8080-exec-2] INFO  c.f.i.a.i.TransactionController - Successfully fetched 138 expenses for user: geet, month: 2024-11
14:43:37.088 [http-nio-8080-exec-9] INFO  c.f.i.a.i.TransactionController - Successfully fetched 138 expenses for user: geet, month: 2024-11
14:43:39.067 [http-nio-8080-exec-3] INFO  c.f.i.a.i.TransactionController - Received request to list transactions for user: geet, month: 2024-11
14:43:39.075 [http-nio-8080-exec-3] INFO  c.f.i.a.i.TransactionController - Successfully fetched 138 expenses for user: geet, month: 2024-11
14:44:55.073 [http-nio-8080-exec-9] INFO  c.f.i.a.i.TransactionController - Received request to list transactions for user: geet, month: 2024-11
14:44:55.081 [http-nio-8080-exec-9] INFO  c.f.i.a.i.TransactionController - Successfully fetched 138 expenses for user: geet, month: 2024-11
14:44:56.071 [http-nio-8080-exec-8] INFO  c.f.i.a.i.TransactionController - Received request to list transactions for user: geet, month: 2024-11
14:44:56.090 [http-nio-8080-exec-8] INFO  c.f.i.a.i.TransactionController - Successfully fetched 138 expenses for user: geet, month: 2024-11
15:04:13.104 [http-nio-8080-exec-10] INFO  c.f.i.a.i.TransactionController - Received request to list transactions for user: geet, month: 2024-11
15:04:13.119 [http-nio-8080-exec-10] INFO  c.f.i.a.i.TransactionController - Successfully fetched 138 expenses for user: geet, month: 2024-11
15:04:15.082 [http-nio-8080-exec-2] INFO  c.f.i.a.i.TransactionController - Received request to list transactions for user: geet, month: 2024-11
15:04:15.091 [http-nio-8080-exec-2] INFO  c.f.i.a.i.TransactionController - Successfully fetched 138 expenses for user: geet, month: 2024-11
15:04:17.076 [http-nio-8080-exec-7] INFO  c.f.i.a.i.TransactionController - Received request to list transactions for user: geet, month: 2024-11
15:04:17.085 [http-nio-8080-exec-7] INFO  c.f.i.a.i.TransactionController - Successfully fetched 138 expenses for user: geet, month: 2024-11
15:08:19.302 [http-nio-8080-exec-7] INFO  c.f.i.a.i.TransactionController - Received request to list transactions for user: geet, month: 2024-11
15:08:19.306 [http-nio-8080-exec-9] INFO  c.f.i.a.i.TransactionController - Received request to list transactions for user: geet, month: 2024-11
15:08:19.323 [http-nio-8080-exec-7] INFO  c.f.i.a.i.TransactionController - Successfully fetched 138 expenses for user: geet, month: 2024-11
15:08:19.324 [http-nio-8080-exec-9] INFO  c.f.i.a.i.TransactionController - Successfully fetched 138 expenses for user: geet, month: 2024-11
15:11:07.127 [http-nio-8080-exec-2] INFO  c.f.i.a.i.TransactionController - Received request to list transactions for user: geet, month: 2024-11
15:11:07.138 [http-nio-8080-exec-2] INFO  c.f.i.a.i.TransactionController - Successfully fetched 138 expenses for user: geet, month: 2024-11
15:11:14.077 [http-nio-8080-exec-10] INFO  c.f.i.a.i.TransactionController - Received request to list transactions for user: geet, month: 2024-11
15:11:14.094 [http-nio-8080-exec-10] INFO  c.f.i.a.i.TransactionController - Successfully fetched 138 expenses for user: geet, month: 2024-11
15:11:15.079 [http-nio-8080-exec-8] INFO  c.f.i.a.i.TransactionController - Received request to list transactions for user: geet, month: 2024-11
15:11:15.086 [http-nio-8080-exec-8] INFO  c.f.i.a.i.TransactionController - Successfully fetched 138 expenses for user: geet, month: 2024-11
15:13:02.084 [http-nio-8080-exec-4] INFO  c.f.i.a.i.TransactionController - Received request to list transactions for user: geet, month: 2024-11
15:13:02.094 [http-nio-8080-exec-4] INFO  c.f.i.a.i.TransactionController - Successfully fetched 138 expenses for user: geet, month: 2024-11
15:13:49.085 [http-nio-8080-exec-8] INFO  c.f.i.a.i.TransactionController - Received request to list transactions for user: geet, month: 2024-11
15:13:49.093 [http-nio-8080-exec-8] INFO  c.f.i.a.i.TransactionController - Successfully fetched 138 expenses for user: geet, month: 2024-11
15:13:56.082 [http-nio-8080-exec-7] INFO  c.f.i.a.i.TransactionController - Received request to list transactions for user: geet, month: 2024-11
15:13:56.094 [http-nio-8080-exec-7] INFO  c.f.i.a.i.TransactionController - Successfully fetched 138 expenses for user: geet, month: 2024-11
15:14:02.085 [http-nio-8080-exec-10] INFO  c.f.i.a.i.TransactionController - Received request to list transactions for user: geet, month: 2024-11
15:14:02.094 [http-nio-8080-exec-10] INFO  c.f.i.a.i.TransactionController - Successfully fetched 138 expenses for user: geet, month: 2024-11
15:14:06.089 [http-nio-8080-exec-5] INFO  c.f.i.a.i.TransactionController - Received request to list transactions for user: geet, month: 2024-11
15:14:06.097 [http-nio-8080-exec-5] INFO  c.f.i.a.i.TransactionController - Successfully fetched 138 expenses for user: geet, month: 2024-11
15:14:07.078 [http-nio-8080-exec-8] INFO  c.f.i.a.i.TransactionController - Received request to list transactions for user: geet, month: 2024-11
15:14:07.090 [http-nio-8080-exec-8] INFO  c.f.i.a.i.TransactionController - Successfully fetched 138 expenses for user: geet, month: 2024-11
15:14:11.072 [http-nio-8080-exec-7] INFO  c.f.i.a.i.TransactionController - Received request to list transactions for user: geet, month: 2024-11
15:14:11.078 [http-nio-8080-exec-7] INFO  c.f.i.a.i.TransactionController - Successfully fetched 138 expenses for user: geet, month: 2024-11
15:14:15.075 [http-nio-8080-exec-6] INFO  c.f.i.a.i.TransactionController - Received request to list transactions for user: geet, month: 2024-11
15:14:15.085 [http-nio-8080-exec-6] INFO  c.f.i.a.i.TransactionController - Successfully fetched 138 expenses for user: geet, month: 2024-11
15:14:19.082 [http-nio-8080-exec-5] INFO  c.f.i.a.i.TransactionController - Received request to list transactions for user: geet, month: 2024-11
15:14:19.082 [http-nio-8080-exec-3] INFO  c.f.i.a.i.TransactionController - Received request to list transactions for user: geet, month: 2024-11
15:14:19.095 [http-nio-8080-exec-3] INFO  c.f.i.a.i.TransactionController - Successfully fetched 138 expenses for user: geet, month: 2024-11
15:14:19.095 [http-nio-8080-exec-5] INFO  c.f.i.a.i.TransactionController - Successfully fetched 138 expenses for user: geet, month: 2024-11
15:14:20.067 [http-nio-8080-exec-7] INFO  c.f.i.a.i.TransactionController - Received request to list transactions for user: geet, month: 2024-11
15:14:20.077 [http-nio-8080-exec-7] INFO  c.f.i.a.i.TransactionController - Successfully fetched 138 expenses for user: geet, month: 2024-11
15:14:22.061 [http-nio-8080-exec-6] INFO  c.f.i.a.i.TransactionController - Received request to list transactions for user: geet, month: 2024-11
15:14:22.061 [http-nio-8080-exec-2] INFO  c.f.i.a.i.TransactionController - Received request to list transactions for user: geet, month: 2024-11
15:14:22.078 [http-nio-8080-exec-2] INFO  c.f.i.a.i.TransactionController - Successfully fetched 138 expenses for user: geet, month: 2024-11
15:14:22.081 [http-nio-8080-exec-6] INFO  c.f.i.a.i.TransactionController - Successfully fetched 138 expenses for user: geet, month: 2024-11
15:15:19.077 [http-nio-8080-exec-4] INFO  c.f.i.a.i.TransactionController - Received request to list transactions for user: geet, month: 2024-11
15:15:19.086 [http-nio-8080-exec-4] INFO  c.f.i.a.i.TransactionController - Successfully fetched 138 expenses for user: geet, month: 2024-11
15:15:25.074 [http-nio-8080-exec-6] INFO  c.f.i.a.i.TransactionController - Received request to list transactions for user: geet, month: 2024-11
15:15:25.085 [http-nio-8080-exec-6] INFO  c.f.i.a.i.TransactionController - Successfully fetched 138 expenses for user: geet, month: 2024-11
15:18:20.074 [http-nio-8080-exec-1] INFO  c.f.i.a.i.TransactionController - Received request to list transactions for user: geet, month: 2024-11
15:18:20.074 [http-nio-8080-exec-3] INFO  c.f.i.a.i.TransactionController - Received request to list transactions for user: geet, month: 2024-11
15:18:20.085 [http-nio-8080-exec-3] INFO  c.f.i.a.i.TransactionController - Successfully fetched 138 expenses for user: geet, month: 2024-11
15:18:20.085 [http-nio-8080-exec-1] INFO  c.f.i.a.i.TransactionController - Successfully fetched 138 expenses for user: geet, month: 2024-11
15:20:22.104 [http-nio-8080-exec-4] INFO  c.f.i.a.i.TransactionController - Received request to list transactions for user: geet, month: 2024-11
15:20:22.112 [http-nio-8080-exec-4] INFO  c.f.i.a.i.TransactionController - Successfully fetched 138 expenses for user: geet, month: 2024-11
15:22:15.117 [http-nio-8080-exec-6] INFO  c.f.i.a.i.TransactionController - Received request to list transactions for user: geet, month: 2024-11
15:22:15.126 [http-nio-8080-exec-6] INFO  c.f.i.a.i.TransactionController - Successfully fetched 138 expenses for user: geet, month: 2024-11
15:22:29.359 [http-nio-8080-exec-9] INFO  c.f.i.a.i.TransactionController - Received request to list transactions for user: geet, month: 2024-11
15:22:29.359 [http-nio-8080-exec-2] INFO  c.f.i.a.i.TransactionController - Received request to list transactions for user: geet, month: 2024-11
15:22:29.367 [http-nio-8080-exec-9] INFO  c.f.i.a.i.TransactionController - Successfully fetched 138 expenses for user: geet, month: 2024-11
15:22:29.367 [http-nio-8080-exec-2] INFO  c.f.i.a.i.TransactionController - Successfully fetched 138 expenses for user: geet, month: 2024-11
15:22:41.076 [http-nio-8080-exec-5] INFO  c.f.i.a.i.TransactionController - Received request to list transactions for user: geet, month: 2024-11
15:22:41.082 [http-nio-8080-exec-5] INFO  c.f.i.a.i.TransactionController - Successfully fetched 138 expenses for user: geet, month: 2024-11
15:35:44.295 [http-nio-8080-exec-3] INFO  c.f.i.a.inbound.AccountController - Received request to fetch account balances for user: geet
15:35:44.300 [http-nio-8080-exec-3] INFO  c.f.i.a.inbound.AccountController - Successfully fetched 4 account balances for user: geet
15:35:44.306 [http-nio-8080-exec-6] INFO  c.f.i.a.inbound.AccountController - Received request to fetch account balances for user: geet
15:35:44.307 [http-nio-8080-exec-6] INFO  c.f.i.a.inbound.AccountController - Successfully fetched 4 account balances for user: geet
15:35:45.545 [http-nio-8080-exec-2] INFO  c.f.i.a.i.TransactionController - Received request to list transactions for user: geet, month: 2024-11
15:35:45.547 [http-nio-8080-exec-4] INFO  c.f.i.a.i.TransactionController - Received request to list transactions for user: geet, month: 2024-11
15:35:45.555 [http-nio-8080-exec-2] INFO  c.f.i.a.i.TransactionController - Successfully fetched 138 expenses for user: geet, month: 2024-11
15:35:45.556 [http-nio-8080-exec-4] INFO  c.f.i.a.i.TransactionController - Successfully fetched 138 expenses for user: geet, month: 2024-11
15:36:27.129 [http-nio-8080-exec-9] INFO  c.f.i.a.i.TransactionController - Received request to list transactions for user: geet, month: 2024-11
15:36:27.143 [http-nio-8080-exec-9] INFO  c.f.i.a.i.TransactionController - Successfully fetched 138 expenses for user: geet, month: 2024-11
15:36:37.072 [http-nio-8080-exec-10] INFO  c.f.i.a.i.TransactionController - Received request to list transactions for user: geet, month: 2024-11
15:36:37.088 [http-nio-8080-exec-10] INFO  c.f.i.a.i.TransactionController - Successfully fetched 138 expenses for user: geet, month: 2024-11
15:47:09.304 [HikariPool-1 housekeeper] WARN  com.zaxxer.hikari.pool.HikariPool - HikariPool-1 - Thread starvation or clock leap detected (housekeeper delta=1m12s322ms).
15:47:50.779 [http-nio-8080-exec-5] INFO  c.f.i.a.i.TransactionController - Received request to list transactions for user: geet, month: 2024-11
15:47:50.779 [http-nio-8080-exec-4] INFO  c.f.i.a.i.TransactionController - Received request to list transactions for user: geet, month: 2024-11
15:47:50.789 [http-nio-8080-exec-4] INFO  c.f.i.a.i.TransactionController - Successfully fetched 138 expenses for user: geet, month: 2024-11
15:47:50.790 [http-nio-8080-exec-5] INFO  c.f.i.a.i.TransactionController - Successfully fetched 138 expenses for user: geet, month: 2024-11
16:06:27.552 [http-nio-8080-exec-2] INFO  c.f.i.a.i.TransactionController - Received request to list transactions for user: geet, month: 2024-11
16:06:27.573 [http-nio-8080-exec-2] INFO  c.f.i.a.i.TransactionController - Successfully fetched 138 expenses for user: geet, month: 2024-11
16:55:34.433 [HikariPool-1 housekeeper] WARN  com.zaxxer.hikari.pool.HikariPool - HikariPool-1 - Thread starvation or clock leap detected (housekeeper delta=21m24s843ms).
17:02:08.883 [HikariPool-1 housekeeper] WARN  com.zaxxer.hikari.pool.HikariPool - HikariPool-1 - Thread starvation or clock leap detected (housekeeper delta=6m34s450ms).
17:03:37.207 [http-nio-8080-exec-6] INFO  c.f.i.a.i.TransactionController - Received request to list transactions for user: geet, month: 2024-11
17:03:37.207 [http-nio-8080-exec-1] INFO  c.f.i.a.i.TransactionController - Received request to list transactions for user: geet, month: 2024-11
17:03:37.216 [http-nio-8080-exec-1] INFO  c.f.i.a.i.TransactionController - Successfully fetched 138 expenses for user: geet, month: 2024-11
17:03:37.216 [http-nio-8080-exec-6] INFO  c.f.i.a.i.TransactionController - Successfully fetched 138 expenses for user: geet, month: 2024-11
17:17:29.731 [http-nio-8080-exec-2] INFO  c.f.i.a.inbound.AuthController - Received login request for user: g
17:17:29.834 [http-nio-8080-exec-2] INFO  c.f.i.a.inbound.AuthController - User logged in successfully: g
17:17:31.458 [http-nio-8080-exec-2] INFO  c.f.i.a.i.TransactionController - Received request to list transactions for user: g, month: 2024-11
17:17:31.458 [http-nio-8080-exec-4] INFO  c.f.i.a.i.TransactionController - Received request to list transactions for user: g, month: 2024-11
17:17:31.463 [http-nio-8080-exec-4] INFO  c.f.i.a.i.TransactionController - Successfully fetched 0 expenses for user: g, month: 2024-11
17:17:31.464 [http-nio-8080-exec-2] INFO  c.f.i.a.i.TransactionController - Successfully fetched 0 expenses for user: g, month: 2024-11
17:17:33.150 [http-nio-8080-exec-5] INFO  c.f.i.a.inbound.AccountController - Received request to fetch account balances for user: g
17:17:33.153 [http-nio-8080-exec-5] INFO  c.f.i.a.inbound.AccountController - Successfully fetched 1 account balances for user: g
17:17:33.162 [http-nio-8080-exec-2] INFO  c.f.i.a.inbound.AccountController - Received request to fetch account balances for user: g
17:17:33.166 [http-nio-8080-exec-2] INFO  c.f.i.a.inbound.AccountController - Successfully fetched 1 account balances for user: g
17:17:45.146 [http-nio-8080-exec-9] INFO  c.f.i.a.inbound.AccountController - Received create account request for user: g
17:17:45.179 [http-nio-8080-exec-9] INFO  c.f.i.a.inbound.AccountController - Account created successfully for user: g, accountId: b602928c-766d-49c2-b978-9502c366a2d7
17:17:45.186 [http-nio-8080-exec-8] INFO  c.f.i.a.inbound.AccountController - Received request to fetch account balances for user: g
17:17:45.187 [http-nio-8080-exec-8] INFO  c.f.i.a.inbound.AccountController - Successfully fetched 2 account balances for user: g
17:17:59.050 [http-nio-8080-exec-1] WARN  o.s.w.s.m.s.DefaultHandlerExceptionResolver - Resolved [org.springframework.http.converter.HttpMessageNotReadableException: JSON parse error: Instantiation of [simple type, class com.financetracker.infrastructure.adapters.inbound.dto.request.AddTransactionRequest] value failed for JSON property categoryId due to missing (therefore NULL) value for creator parameter categoryId which is a non-nullable type]
17:18:43.422 [http-nio-8080-exec-6] WARN  o.s.w.s.m.s.DefaultHandlerExceptionResolver - Resolved [org.springframework.http.converter.HttpMessageNotReadableException: JSON parse error: Instantiation of [simple type, class com.financetracker.infrastructure.adapters.inbound.dto.request.AddTransactionRequest] value failed for JSON property categoryId due to missing (therefore NULL) value for creator parameter categoryId which is a non-nullable type]
17:24:52.307 [http-nio-8080-exec-3] INFO  c.f.i.a.inbound.AccountController - Received request to fetch account balances for user: g
17:24:52.325 [http-nio-8080-exec-3] INFO  c.f.i.a.inbound.AccountController - Successfully fetched 2 account balances for user: g
17:25:19.546 [http-nio-8080-exec-2] INFO  c.f.i.a.inbound.AccountController - Received request to fetch account balances for user: g
17:25:19.549 [http-nio-8080-exec-2] INFO  c.f.i.a.inbound.AccountController - Successfully fetched 2 account balances for user: g
17:25:21.279 [http-nio-8080-exec-3] INFO  c.f.i.a.i.TransactionController - Received request to sync transactions for user: g
17:25:21.334 [http-nio-8080-exec-3] INFO  c.f.i.a.o.s.SplitwiseSharingService - Fetching Splitwise transactions for user: 15110641, since: 2024-09-26T00:00
17:25:21.335 [http-nio-8080-exec-3] INFO  c.f.i.a.o.s.SplitwiseSharingService - Calling Splitwise API to get expenses dated after: 2024-09-26T00:00
17:25:21.626 [http-nio-8080-exec-3] ERROR c.f.i.a.i.TransactionController - Error syncing transactions for user: g
com.fasterxml.jackson.module.kotlin.MissingKotlinParameterException: Instantiation of [simple type, class com.financetracker.infrastructure.adapters.outbound.splitwise.dto.SplitwiseExpenseList] value failed for JSON property expenses due to missing (therefore NULL) value for creator parameter expenses which is a non-nullable type
 at [Source: (String)"{"error":"Invalid API Request: you are not logged in"}"; line: 1, column: 54] (through reference chain: com.financetracker.infrastructure.adapters.outbound.splitwise.dto.SplitwiseExpenseList["expenses"])
	at com.fasterxml.jackson.module.kotlin.KotlinValueInstantiator.createFromObjectWith(KotlinValueInstantiator.kt:97)
	at com.fasterxml.jackson.databind.deser.impl.PropertyBasedCreator.build(PropertyBasedCreator.java:202)
	at com.fasterxml.jackson.databind.deser.BeanDeserializer._deserializeUsingPropertyBased(BeanDeserializer.java:525)
	at com.fasterxml.jackson.databind.deser.BeanDeserializerBase.deserializeFromObjectUsingNonDefault(BeanDeserializerBase.java:1409)
	at com.fasterxml.jackson.databind.deser.BeanDeserializer.deserializeFromObject(BeanDeserializer.java:352)
	at com.fasterxml.jackson.databind.deser.BeanDeserializer.deserialize(BeanDeserializer.java:185)
	at com.fasterxml.jackson.databind.deser.DefaultDeserializationContext.readRootValue(DefaultDeserializationContext.java:323)
	at com.fasterxml.jackson.databind.ObjectMapper._readMapAndClose(ObjectMapper.java:4825)
	at com.fasterxml.jackson.databind.ObjectMapper.readValue(ObjectMapper.java:3772)
	at com.fasterxml.jackson.databind.ObjectMapper.readValue(ObjectMapper.java:3740)
	at com.financetracker.infrastructure.adapters.outbound.splitwise.SplitwiseSharingService.getExpensesDatedAfter(SplitwiseSharingService.kt:74)
	at com.financetracker.infrastructure.adapters.outbound.splitwise.SplitwiseSharingService.getTransactionsForUser(SplitwiseSharingService.kt:37)
	at com.financetracker.application.TransactionService.syncWithSplitwise(TransactionService.kt:208)
	at java.base/jdk.internal.reflect.NativeMethodAccessorImpl.invoke0(Native Method)
	at java.base/jdk.internal.reflect.NativeMethodAccessorImpl.invoke(NativeMethodAccessorImpl.java:77)
	at java.base/jdk.internal.reflect.DelegatingMethodAccessorImpl.invoke(DelegatingMethodAccessorImpl.java:43)
	at java.base/java.lang.reflect.Method.invoke(Method.java:568)
	at org.springframework.aop.support.AopUtils.invokeJoinpointUsingReflection(AopUtils.java:351)
	at org.springframework.aop.framework.CglibAopProxy$DynamicAdvisedInterceptor.intercept(CglibAopProxy.java:713)
	at com.financetracker.application.TransactionService$$SpringCGLIB$$0.syncWithSplitwise(<generated>)
	at com.financetracker.infrastructure.adapters.inbound.TransactionController.syncTransactions(TransactionController.kt:81)
	at java.base/jdk.internal.reflect.NativeMethodAccessorImpl.invoke0(Native Method)
	at java.base/jdk.internal.reflect.NativeMethodAccessorImpl.invoke(NativeMethodAccessorImpl.java:77)
	at java.base/jdk.internal.reflect.DelegatingMethodAccessorImpl.invoke(DelegatingMethodAccessorImpl.java:43)
	at java.base/java.lang.reflect.Method.invoke(Method.java:568)
	at kotlin.reflect.jvm.internal.calls.CallerImpl$Method.callMethod(CallerImpl.kt:97)
	at kotlin.reflect.jvm.internal.calls.CallerImpl$Method$Instance.call(CallerImpl.kt:113)
	at kotlin.reflect.jvm.internal.KCallableImpl.callDefaultMethod$kotlin_reflection(KCallableImpl.kt:207)
	at kotlin.reflect.jvm.internal.KCallableImpl.callBy(KCallableImpl.kt:112)
	at org.springframework.web.method.support.InvocableHandlerMethod$KotlinDelegate.invokeFunction(InvocableHandlerMethod.java:338)
	at org.springframework.web.method.support.InvocableHandlerMethod.doInvoke(InvocableHandlerMethod.java:258)
	at org.springframework.web.method.support.InvocableHandlerMethod.invokeForRequest(InvocableHandlerMethod.java:189)
	at org.springframework.web.servlet.mvc.method.annotation.ServletInvocableHandlerMethod.invokeAndHandle(ServletInvocableHandlerMethod.java:118)
	at org.springframework.web.servlet.mvc.method.annotation.RequestMappingHandlerAdapter.invokeHandlerMethod(RequestMappingHandlerAdapter.java:917)
	at org.springframework.web.servlet.mvc.method.annotation.RequestMappingHandlerAdapter.handleInternal(RequestMappingHandlerAdapter.java:829)
	at org.springframework.web.servlet.mvc.method.AbstractHandlerMethodAdapter.handle(AbstractHandlerMethodAdapter.java:87)
	at org.springframework.web.servlet.DispatcherServlet.doDispatch(DispatcherServlet.java:1089)
	at org.springframework.web.servlet.DispatcherServlet.doService(DispatcherServlet.java:979)
	at org.springframework.web.servlet.FrameworkServlet.processRequest(FrameworkServlet.java:1014)
	at org.springframework.web.servlet.FrameworkServlet.doPost(FrameworkServlet.java:914)
	at jakarta.servlet.http.HttpServlet.service(HttpServlet.java:590)
	at org.springframework.web.servlet.FrameworkServlet.service(FrameworkServlet.java:885)
	at jakarta.servlet.http.HttpServlet.service(HttpServlet.java:658)
	at org.apache.catalina.core.ApplicationFilterChain.internalDoFilter(ApplicationFilterChain.java:205)
	at org.apache.catalina.core.ApplicationFilterChain.doFilter(ApplicationFilterChain.java:149)
	at org.apache.tomcat.websocket.server.WsFilter.doFilter(WsFilter.java:51)
	at org.apache.catalina.core.ApplicationFilterChain.internalDoFilter(ApplicationFilterChain.java:174)
	at org.apache.catalina.core.ApplicationFilterChain.doFilter(ApplicationFilterChain.java:149)
	at org.springframework.web.filter.OncePerRequestFilter.doFilter(OncePerRequestFilter.java:110)
	at org.apache.catalina.core.ApplicationFilterChain.internalDoFilter(ApplicationFilterChain.java:174)
	at org.apache.catalina.core.ApplicationFilterChain.doFilter(ApplicationFilterChain.java:149)
	at org.springframework.web.filter.CompositeFilter$VirtualFilterChain.doFilter(CompositeFilter.java:108)
	at org.springframework.security.web.FilterChainProxy.lambda$doFilterInternal$3(FilterChainProxy.java:231)
	at org.springframework.security.web.ObservationFilterChainDecorator$FilterObservation$SimpleFilterObservation.lambda$wrap$1(ObservationFilterChainDecorator.java:479)
	at org.springframework.security.web.ObservationFilterChainDecorator$AroundFilterObservation$SimpleAroundFilterObservation.lambda$wrap$1(ObservationFilterChainDecorator.java:340)
	at org.springframework.security.web.ObservationFilterChainDecorator.lambda$wrapSecured$0(ObservationFilterChainDecorator.java:82)
	at org.springframework.security.web.ObservationFilterChainDecorator$VirtualFilterChain.doFilter(ObservationFilterChainDecorator.java:128)
	at org.springframework.security.web.access.intercept.AuthorizationFilter.doFilter(AuthorizationFilter.java:100)
	at org.springframework.security.web.ObservationFilterChainDecorator$ObservationFilter.wrapFilter(ObservationFilterChainDecorator.java:240)
	at org.springframework.security.web.ObservationFilterChainDecorator$ObservationFilter.doFilter(ObservationFilterChainDecorator.java:227)
	at org.springframework.security.web.ObservationFilterChainDecorator$VirtualFilterChain.doFilter(ObservationFilterChainDecorator.java:137)
	at org.springframework.security.web.access.ExceptionTranslationFilter.doFilter(ExceptionTranslationFilter.java:126)
	at org.springframework.security.web.access.ExceptionTranslationFilter.doFilter(ExceptionTranslationFilter.java:120)
	at org.springframework.security.web.ObservationFilterChainDecorator$ObservationFilter.wrapFilter(ObservationFilterChainDecorator.java:240)
	at org.springframework.security.web.ObservationFilterChainDecorator$ObservationFilter.doFilter(ObservationFilterChainDecorator.java:227)
	at org.springframework.security.web.ObservationFilterChainDecorator$VirtualFilterChain.doFilter(ObservationFilterChainDecorator.java:137)
	at org.springframework.security.web.session.SessionManagementFilter.doFilter(SessionManagementFilter.java:131)
	at org.springframework.security.web.session.SessionManagementFilter.doFilter(SessionManagementFilter.java:85)
	at org.springframework.security.web.ObservationFilterChainDecorator$ObservationFilter.wrapFilter(ObservationFilterChainDecorator.java:240)
	at org.springframework.security.web.ObservationFilterChainDecorator$ObservationFilter.doFilter(ObservationFilterChainDecorator.java:227)
	at org.springframework.security.web.ObservationFilterChainDecorator$VirtualFilterChain.doFilter(ObservationFilterChainDecorator.java:137)
	at org.springframework.security.web.authentication.AnonymousAuthenticationFilter.doFilter(AnonymousAuthenticationFilter.java:100)
	at org.springframework.security.web.ObservationFilterChainDecorator$ObservationFilter.wrapFilter(ObservationFilterChainDecorator.java:240)
	at org.springframework.security.web.ObservationFilterChainDecorator$ObservationFilter.doFilter(ObservationFilterChainDecorator.java:227)
	at org.springframework.security.web.ObservationFilterChainDecorator$VirtualFilterChain.doFilter(ObservationFilterChainDecorator.java:137)
	at org.springframework.security.web.servletapi.SecurityContextHolderAwareRequestFilter.doFilter(SecurityContextHolderAwareRequestFilter.java:179)
	at org.springframework.security.web.ObservationFilterChainDecorator$ObservationFilter.wrapFilter(ObservationFilterChainDecorator.java:240)
	at org.springframework.security.web.ObservationFilterChainDecorator$ObservationFilter.doFilter(ObservationFilterChainDecorator.java:227)
	at org.springframework.security.web.ObservationFilterChainDecorator$VirtualFilterChain.doFilter(ObservationFilterChainDecorator.java:137)
	at org.springframework.security.web.savedrequest.RequestCacheAwareFilter.doFilter(RequestCacheAwareFilter.java:63)
	at org.springframework.security.web.ObservationFilterChainDecorator$ObservationFilter.wrapFilter(ObservationFilterChainDecorator.java:240)
	at org.springframework.security.web.ObservationFilterChainDecorator$ObservationFilter.doFilter(ObservationFilterChainDecorator.java:227)
	at org.springframework.security.web.ObservationFilterChainDecorator$VirtualFilterChain.doFilter(ObservationFilterChainDecorator.java:137)
	at com.financetracker.infrastructure.security.JwtRequestFilter.doFilterInternal(JwtRequestFilter.kt:45)
	at org.springframework.web.filter.OncePerRequestFilter.doFilter(OncePerRequestFilter.java:116)
	at org.springframework.security.web.ObservationFilterChainDecorator$ObservationFilter.wrapFilter(ObservationFilterChainDecorator.java:240)
	at org.springframework.security.web.ObservationFilterChainDecorator$ObservationFilter.doFilter(ObservationFilterChainDecorator.java:227)
	at org.springframework.security.web.ObservationFilterChainDecorator$VirtualFilterChain.doFilter(ObservationFilterChainDecorator.java:137)
	at org.springframework.security.web.authentication.logout.LogoutFilter.doFilter(LogoutFilter.java:107)
	at org.springframework.security.web.authentication.logout.LogoutFilter.doFilter(LogoutFilter.java:93)
	at org.springframework.security.web.ObservationFilterChainDecorator$ObservationFilter.wrapFilter(ObservationFilterChainDecorator.java:240)
	at org.springframework.security.web.ObservationFilterChainDecorator$ObservationFilter.doFilter(ObservationFilterChainDecorator.java:227)
	at org.springframework.security.web.ObservationFilterChainDecorator$VirtualFilterChain.doFilter(ObservationFilterChainDecorator.java:137)
	at org.springframework.web.filter.CorsFilter.doFilterInternal(CorsFilter.java:91)
	at org.springframework.web.filter.OncePerRequestFilter.doFilter(OncePerRequestFilter.java:116)
	at org.springframework.security.web.ObservationFilterChainDecorator$ObservationFilter.wrapFilter(ObservationFilterChainDecorator.java:240)
	at org.springframework.security.web.ObservationFilterChainDecorator$ObservationFilter.doFilter(ObservationFilterChainDecorator.java:227)
	at org.springframework.security.web.ObservationFilterChainDecorator$VirtualFilterChain.doFilter(ObservationFilterChainDecorator.java:137)
	at org.springframework.security.web.header.HeaderWriterFilter.doHeadersAfter(HeaderWriterFilter.java:90)
	at org.springframework.security.web.header.HeaderWriterFilter.doFilterInternal(HeaderWriterFilter.java:75)
	at org.springframework.web.filter.OncePerRequestFilter.doFilter(OncePerRequestFilter.java:116)
	at org.springframework.security.web.ObservationFilterChainDecorator$ObservationFilter.wrapFilter(ObservationFilterChainDecorator.java:240)
	at org.springframework.security.web.ObservationFilterChainDecorator$ObservationFilter.doFilter(ObservationFilterChainDecorator.java:227)
	at org.springframework.security.web.ObservationFilterChainDecorator$VirtualFilterChain.doFilter(ObservationFilterChainDecorator.java:137)
	at org.springframework.security.web.context.SecurityContextHolderFilter.doFilter(SecurityContextHolderFilter.java:82)
	at org.springframework.security.web.context.SecurityContextHolderFilter.doFilter(SecurityContextHolderFilter.java:69)
	at org.springframework.security.web.ObservationFilterChainDecorator$ObservationFilter.wrapFilter(ObservationFilterChainDecorator.java:240)
	at org.springframework.security.web.ObservationFilterChainDecorator$ObservationFilter.doFilter(ObservationFilterChainDecorator.java:227)
	at org.springframework.security.web.ObservationFilterChainDecorator$VirtualFilterChain.doFilter(ObservationFilterChainDecorator.java:137)
	at org.springframework.security.web.context.request.async.WebAsyncManagerIntegrationFilter.doFilterInternal(WebAsyncManagerIntegrationFilter.java:62)
	at org.springframework.web.filter.OncePerRequestFilter.doFilter(OncePerRequestFilter.java:116)
	at org.springframework.security.web.ObservationFilterChainDecorator$ObservationFilter.wrapFilter(ObservationFilterChainDecorator.java:240)
	at org.springframework.security.web.ObservationFilterChainDecorator$ObservationFilter.doFilter(ObservationFilterChainDecorator.java:227)
	at org.springframework.security.web.ObservationFilterChainDecorator$VirtualFilterChain.doFilter(ObservationFilterChainDecorator.java:137)
	at org.springframework.security.web.session.DisableEncodeUrlFilter.doFilterInternal(DisableEncodeUrlFilter.java:42)
	at org.springframework.web.filter.OncePerRequestFilter.doFilter(OncePerRequestFilter.java:116)
	at org.springframework.security.web.ObservationFilterChainDecorator$ObservationFilter.wrapFilter(ObservationFilterChainDecorator.java:240)
	at org.springframework.security.web.ObservationFilterChainDecorator$AroundFilterObservation$SimpleAroundFilterObservation.lambda$wrap$0(ObservationFilterChainDecorator.java:323)
	at org.springframework.security.web.ObservationFilterChainDecorator$ObservationFilter.doFilter(ObservationFilterChainDecorator.java:224)
	at org.springframework.security.web.ObservationFilterChainDecorator$VirtualFilterChain.doFilter(ObservationFilterChainDecorator.java:137)
	at org.springframework.security.web.FilterChainProxy.doFilterInternal(FilterChainProxy.java:233)
	at org.springframework.security.web.FilterChainProxy.doFilter(FilterChainProxy.java:191)
	at org.springframework.web.filter.CompositeFilter$VirtualFilterChain.doFilter(CompositeFilter.java:113)
	at org.springframework.web.servlet.handler.HandlerMappingIntrospector.lambda$createCacheFilter$3(HandlerMappingIntrospector.java:195)
	at org.springframework.web.filter.CompositeFilter$VirtualFilterChain.doFilter(CompositeFilter.java:113)
	at org.springframework.web.filter.CompositeFilter.doFilter(CompositeFilter.java:74)
	at org.springframework.security.config.annotation.web.configuration.WebMvcSecurityConfiguration$CompositeFilterChainProxy.doFilter(WebMvcSecurityConfiguration.java:225)
	at org.springframework.web.filter.DelegatingFilterProxy.invokeDelegate(DelegatingFilterProxy.java:352)
	at org.springframework.web.filter.DelegatingFilterProxy.doFilter(DelegatingFilterProxy.java:268)
	at org.apache.catalina.core.ApplicationFilterChain.internalDoFilter(ApplicationFilterChain.java:174)
	at org.apache.catalina.core.ApplicationFilterChain.doFilter(ApplicationFilterChain.java:149)
	at org.springframework.web.filter.RequestContextFilter.doFilterInternal(RequestContextFilter.java:100)
	at org.springframework.web.filter.OncePerRequestFilter.doFilter(OncePerRequestFilter.java:116)
	at org.apache.catalina.core.ApplicationFilterChain.internalDoFilter(ApplicationFilterChain.java:174)
	at org.apache.catalina.core.ApplicationFilterChain.doFilter(ApplicationFilterChain.java:149)
	at org.springframework.web.filter.FormContentFilter.doFilterInternal(FormContentFilter.java:93)
	at org.springframework.web.filter.OncePerRequestFilter.doFilter(OncePerRequestFilter.java:116)
	at org.apache.catalina.core.ApplicationFilterChain.internalDoFilter(ApplicationFilterChain.java:174)
	at org.apache.catalina.core.ApplicationFilterChain.doFilter(ApplicationFilterChain.java:149)
	at org.springframework.web.filter.ServerHttpObservationFilter.doFilterInternal(ServerHttpObservationFilter.java:109)
	at org.springframework.web.filter.OncePerRequestFilter.doFilter(OncePerRequestFilter.java:116)
	at org.apache.catalina.core.ApplicationFilterChain.internalDoFilter(ApplicationFilterChain.java:174)
	at org.apache.catalina.core.ApplicationFilterChain.doFilter(ApplicationFilterChain.java:149)
	at org.springframework.web.filter.CharacterEncodingFilter.doFilterInternal(CharacterEncodingFilter.java:201)
	at org.springframework.web.filter.OncePerRequestFilter.doFilter(OncePerRequestFilter.java:116)
	at org.apache.catalina.core.ApplicationFilterChain.internalDoFilter(ApplicationFilterChain.java:174)
	at org.apache.catalina.core.ApplicationFilterChain.doFilter(ApplicationFilterChain.java:149)
	at org.apache.catalina.core.StandardWrapperValve.invoke(StandardWrapperValve.java:167)
	at org.apache.catalina.core.StandardContextValve.invoke(StandardContextValve.java:90)
	at org.apache.catalina.authenticator.AuthenticatorBase.invoke(AuthenticatorBase.java:482)
	at org.apache.catalina.core.StandardHostValve.invoke(StandardHostValve.java:115)
	at org.apache.catalina.valves.ErrorReportValve.invoke(ErrorReportValve.java:93)
	at org.apache.catalina.core.StandardEngineValve.invoke(StandardEngineValve.java:74)
	at org.apache.catalina.connector.CoyoteAdapter.service(CoyoteAdapter.java:340)
	at org.apache.coyote.http11.Http11Processor.service(Http11Processor.java:391)
	at org.apache.coyote.AbstractProcessorLight.process(AbstractProcessorLight.java:63)
	at org.apache.coyote.AbstractProtocol$ConnectionHandler.process(AbstractProtocol.java:896)
	at org.apache.tomcat.util.net.NioEndpoint$SocketProcessor.doRun(NioEndpoint.java:1744)
	at org.apache.tomcat.util.net.SocketProcessorBase.run(SocketProcessorBase.java:52)
	at org.apache.tomcat.util.threads.ThreadPoolExecutor.runWorker(ThreadPoolExecutor.java:1191)
	at org.apache.tomcat.util.threads.ThreadPoolExecutor$Worker.run(ThreadPoolExecutor.java:659)
	at org.apache.tomcat.util.threads.TaskThread$WrappingRunnable.run(TaskThread.java:61)
	at java.base/java.lang.Thread.run(Thread.java:833)
17:25:21.629 [http-nio-8080-exec-3] ERROR o.a.c.c.C.[.[.[.[dispatcherServlet] - Servlet.service() for servlet [dispatcherServlet] in context with path [] threw exception
com.fasterxml.jackson.module.kotlin.MissingKotlinParameterException: Instantiation of [simple type, class com.financetracker.infrastructure.adapters.outbound.splitwise.dto.SplitwiseExpenseList] value failed for JSON property expenses due to missing (therefore NULL) value for creator parameter expenses which is a non-nullable type
 at [Source: (String)"{"error":"Invalid API Request: you are not logged in"}"; line: 1, column: 54] (through reference chain: com.financetracker.infrastructure.adapters.outbound.splitwise.dto.SplitwiseExpenseList["expenses"])
	at com.fasterxml.jackson.module.kotlin.KotlinValueInstantiator.createFromObjectWith(KotlinValueInstantiator.kt:97)
	at com.fasterxml.jackson.databind.deser.impl.PropertyBasedCreator.build(PropertyBasedCreator.java:202)
	at com.fasterxml.jackson.databind.deser.BeanDeserializer._deserializeUsingPropertyBased(BeanDeserializer.java:525)
	at com.fasterxml.jackson.databind.deser.BeanDeserializerBase.deserializeFromObjectUsingNonDefault(BeanDeserializerBase.java:1409)
	at com.fasterxml.jackson.databind.deser.BeanDeserializer.deserializeFromObject(BeanDeserializer.java:352)
	at com.fasterxml.jackson.databind.deser.BeanDeserializer.deserialize(BeanDeserializer.java:185)
	at com.fasterxml.jackson.databind.deser.DefaultDeserializationContext.readRootValue(DefaultDeserializationContext.java:323)
	at com.fasterxml.jackson.databind.ObjectMapper._readMapAndClose(ObjectMapper.java:4825)
	at com.fasterxml.jackson.databind.ObjectMapper.readValue(ObjectMapper.java:3772)
	at com.fasterxml.jackson.databind.ObjectMapper.readValue(ObjectMapper.java:3740)
	at com.financetracker.infrastructure.adapters.outbound.splitwise.SplitwiseSharingService.getExpensesDatedAfter(SplitwiseSharingService.kt:74)
	at com.financetracker.infrastructure.adapters.outbound.splitwise.SplitwiseSharingService.getTransactionsForUser(SplitwiseSharingService.kt:37)
	at com.financetracker.application.TransactionService.syncWithSplitwise(TransactionService.kt:208)
	at java.base/jdk.internal.reflect.NativeMethodAccessorImpl.invoke0(Native Method)
	at java.base/jdk.internal.reflect.NativeMethodAccessorImpl.invoke(NativeMethodAccessorImpl.java:77)
	at java.base/jdk.internal.reflect.DelegatingMethodAccessorImpl.invoke(DelegatingMethodAccessorImpl.java:43)
	at java.base/java.lang.reflect.Method.invoke(Method.java:568)
	at org.springframework.aop.support.AopUtils.invokeJoinpointUsingReflection(AopUtils.java:351)
	at org.springframework.aop.framework.CglibAopProxy$DynamicAdvisedInterceptor.intercept(CglibAopProxy.java:713)
	at com.financetracker.application.TransactionService$$SpringCGLIB$$0.syncWithSplitwise(<generated>)
	at com.financetracker.infrastructure.adapters.inbound.TransactionController.syncTransactions(TransactionController.kt:81)
	at java.base/jdk.internal.reflect.NativeMethodAccessorImpl.invoke0(Native Method)
	at java.base/jdk.internal.reflect.NativeMethodAccessorImpl.invoke(NativeMethodAccessorImpl.java:77)
	at java.base/jdk.internal.reflect.DelegatingMethodAccessorImpl.invoke(DelegatingMethodAccessorImpl.java:43)
	at java.base/java.lang.reflect.Method.invoke(Method.java:568)
	at kotlin.reflect.jvm.internal.calls.CallerImpl$Method.callMethod(CallerImpl.kt:97)
	at kotlin.reflect.jvm.internal.calls.CallerImpl$Method$Instance.call(CallerImpl.kt:113)
	at kotlin.reflect.jvm.internal.KCallableImpl.callDefaultMethod$kotlin_reflection(KCallableImpl.kt:207)
	at kotlin.reflect.jvm.internal.KCallableImpl.callBy(KCallableImpl.kt:112)
	at org.springframework.web.method.support.InvocableHandlerMethod$KotlinDelegate.invokeFunction(InvocableHandlerMethod.java:338)
	at org.springframework.web.method.support.InvocableHandlerMethod.doInvoke(InvocableHandlerMethod.java:258)
	at org.springframework.web.method.support.InvocableHandlerMethod.invokeForRequest(InvocableHandlerMethod.java:189)
	at org.springframework.web.servlet.mvc.method.annotation.ServletInvocableHandlerMethod.invokeAndHandle(ServletInvocableHandlerMethod.java:118)
	at org.springframework.web.servlet.mvc.method.annotation.RequestMappingHandlerAdapter.invokeHandlerMethod(RequestMappingHandlerAdapter.java:917)
	at org.springframework.web.servlet.mvc.method.annotation.RequestMappingHandlerAdapter.handleInternal(RequestMappingHandlerAdapter.java:829)
	at org.springframework.web.servlet.mvc.method.AbstractHandlerMethodAdapter.handle(AbstractHandlerMethodAdapter.java:87)
	at org.springframework.web.servlet.DispatcherServlet.doDispatch(DispatcherServlet.java:1089)
	at org.springframework.web.servlet.DispatcherServlet.doService(DispatcherServlet.java:979)
	at org.springframework.web.servlet.FrameworkServlet.processRequest(FrameworkServlet.java:1014)
	at org.springframework.web.servlet.FrameworkServlet.doPost(FrameworkServlet.java:914)
	at jakarta.servlet.http.HttpServlet.service(HttpServlet.java:590)
	at org.springframework.web.servlet.FrameworkServlet.service(FrameworkServlet.java:885)
	at jakarta.servlet.http.HttpServlet.service(HttpServlet.java:658)
	at org.apache.catalina.core.ApplicationFilterChain.internalDoFilter(ApplicationFilterChain.java:205)
	at org.apache.catalina.core.ApplicationFilterChain.doFilter(ApplicationFilterChain.java:149)
	at org.apache.tomcat.websocket.server.WsFilter.doFilter(WsFilter.java:51)
	at org.apache.catalina.core.ApplicationFilterChain.internalDoFilter(ApplicationFilterChain.java:174)
	at org.apache.catalina.core.ApplicationFilterChain.doFilter(ApplicationFilterChain.java:149)
	at org.springframework.web.filter.OncePerRequestFilter.doFilter(OncePerRequestFilter.java:110)
	at org.apache.catalina.core.ApplicationFilterChain.internalDoFilter(ApplicationFilterChain.java:174)
	at org.apache.catalina.core.ApplicationFilterChain.doFilter(ApplicationFilterChain.java:149)
	at org.springframework.web.filter.CompositeFilter$VirtualFilterChain.doFilter(CompositeFilter.java:108)
	at org.springframework.security.web.FilterChainProxy.lambda$doFilterInternal$3(FilterChainProxy.java:231)
	at org.springframework.security.web.ObservationFilterChainDecorator$FilterObservation$SimpleFilterObservation.lambda$wrap$1(ObservationFilterChainDecorator.java:479)
	at org.springframework.security.web.ObservationFilterChainDecorator$AroundFilterObservation$SimpleAroundFilterObservation.lambda$wrap$1(ObservationFilterChainDecorator.java:340)
	at org.springframework.security.web.ObservationFilterChainDecorator.lambda$wrapSecured$0(ObservationFilterChainDecorator.java:82)
	at org.springframework.security.web.ObservationFilterChainDecorator$VirtualFilterChain.doFilter(ObservationFilterChainDecorator.java:128)
	at org.springframework.security.web.access.intercept.AuthorizationFilter.doFilter(AuthorizationFilter.java:100)
	at org.springframework.security.web.ObservationFilterChainDecorator$ObservationFilter.wrapFilter(ObservationFilterChainDecorator.java:240)
	at org.springframework.security.web.ObservationFilterChainDecorator$ObservationFilter.doFilter(ObservationFilterChainDecorator.java:227)
	at org.springframework.security.web.ObservationFilterChainDecorator$VirtualFilterChain.doFilter(ObservationFilterChainDecorator.java:137)
	at org.springframework.security.web.access.ExceptionTranslationFilter.doFilter(ExceptionTranslationFilter.java:126)
	at org.springframework.security.web.access.ExceptionTranslationFilter.doFilter(ExceptionTranslationFilter.java:120)
	at org.springframework.security.web.ObservationFilterChainDecorator$ObservationFilter.wrapFilter(ObservationFilterChainDecorator.java:240)
	at org.springframework.security.web.ObservationFilterChainDecorator$ObservationFilter.doFilter(ObservationFilterChainDecorator.java:227)
	at org.springframework.security.web.ObservationFilterChainDecorator$VirtualFilterChain.doFilter(ObservationFilterChainDecorator.java:137)
	at org.springframework.security.web.session.SessionManagementFilter.doFilter(SessionManagementFilter.java:131)
	at org.springframework.security.web.session.SessionManagementFilter.doFilter(SessionManagementFilter.java:85)
	at org.springframework.security.web.ObservationFilterChainDecorator$ObservationFilter.wrapFilter(ObservationFilterChainDecorator.java:240)
	at org.springframework.security.web.ObservationFilterChainDecorator$ObservationFilter.doFilter(ObservationFilterChainDecorator.java:227)
	at org.springframework.security.web.ObservationFilterChainDecorator$VirtualFilterChain.doFilter(ObservationFilterChainDecorator.java:137)
	at org.springframework.security.web.authentication.AnonymousAuthenticationFilter.doFilter(AnonymousAuthenticationFilter.java:100)
	at org.springframework.security.web.ObservationFilterChainDecorator$ObservationFilter.wrapFilter(ObservationFilterChainDecorator.java:240)
	at org.springframework.security.web.ObservationFilterChainDecorator$ObservationFilter.doFilter(ObservationFilterChainDecorator.java:227)
	at org.springframework.security.web.ObservationFilterChainDecorator$VirtualFilterChain.doFilter(ObservationFilterChainDecorator.java:137)
	at org.springframework.security.web.servletapi.SecurityContextHolderAwareRequestFilter.doFilter(SecurityContextHolderAwareRequestFilter.java:179)
	at org.springframework.security.web.ObservationFilterChainDecorator$ObservationFilter.wrapFilter(ObservationFilterChainDecorator.java:240)
	at org.springframework.security.web.ObservationFilterChainDecorator$ObservationFilter.doFilter(ObservationFilterChainDecorator.java:227)
	at org.springframework.security.web.ObservationFilterChainDecorator$VirtualFilterChain.doFilter(ObservationFilterChainDecorator.java:137)
	at org.springframework.security.web.savedrequest.RequestCacheAwareFilter.doFilter(RequestCacheAwareFilter.java:63)
	at org.springframework.security.web.ObservationFilterChainDecorator$ObservationFilter.wrapFilter(ObservationFilterChainDecorator.java:240)
	at org.springframework.security.web.ObservationFilterChainDecorator$ObservationFilter.doFilter(ObservationFilterChainDecorator.java:227)
	at org.springframework.security.web.ObservationFilterChainDecorator$VirtualFilterChain.doFilter(ObservationFilterChainDecorator.java:137)
	at com.financetracker.infrastructure.security.JwtRequestFilter.doFilterInternal(JwtRequestFilter.kt:45)
	at org.springframework.web.filter.OncePerRequestFilter.doFilter(OncePerRequestFilter.java:116)
	at org.springframework.security.web.ObservationFilterChainDecorator$ObservationFilter.wrapFilter(ObservationFilterChainDecorator.java:240)
	at org.springframework.security.web.ObservationFilterChainDecorator$ObservationFilter.doFilter(ObservationFilterChainDecorator.java:227)
	at org.springframework.security.web.ObservationFilterChainDecorator$VirtualFilterChain.doFilter(ObservationFilterChainDecorator.java:137)
	at org.springframework.security.web.authentication.logout.LogoutFilter.doFilter(LogoutFilter.java:107)
	at org.springframework.security.web.authentication.logout.LogoutFilter.doFilter(LogoutFilter.java:93)
	at org.springframework.security.web.ObservationFilterChainDecorator$ObservationFilter.wrapFilter(ObservationFilterChainDecorator.java:240)
	at org.springframework.security.web.ObservationFilterChainDecorator$ObservationFilter.doFilter(ObservationFilterChainDecorator.java:227)
	at org.springframework.security.web.ObservationFilterChainDecorator$VirtualFilterChain.doFilter(ObservationFilterChainDecorator.java:137)
	at org.springframework.web.filter.CorsFilter.doFilterInternal(CorsFilter.java:91)
	at org.springframework.web.filter.OncePerRequestFilter.doFilter(OncePerRequestFilter.java:116)
	at org.springframework.security.web.ObservationFilterChainDecorator$ObservationFilter.wrapFilter(ObservationFilterChainDecorator.java:240)
	at org.springframework.security.web.ObservationFilterChainDecorator$ObservationFilter.doFilter(ObservationFilterChainDecorator.java:227)
	at org.springframework.security.web.ObservationFilterChainDecorator$VirtualFilterChain.doFilter(ObservationFilterChainDecorator.java:137)
	at org.springframework.security.web.header.HeaderWriterFilter.doHeadersAfter(HeaderWriterFilter.java:90)
	at org.springframework.security.web.header.HeaderWriterFilter.doFilterInternal(HeaderWriterFilter.java:75)
	at org.springframework.web.filter.OncePerRequestFilter.doFilter(OncePerRequestFilter.java:116)
	at org.springframework.security.web.ObservationFilterChainDecorator$ObservationFilter.wrapFilter(ObservationFilterChainDecorator.java:240)
	at org.springframework.security.web.ObservationFilterChainDecorator$ObservationFilter.doFilter(ObservationFilterChainDecorator.java:227)
	at org.springframework.security.web.ObservationFilterChainDecorator$VirtualFilterChain.doFilter(ObservationFilterChainDecorator.java:137)
	at org.springframework.security.web.context.SecurityContextHolderFilter.doFilter(SecurityContextHolderFilter.java:82)
	at org.springframework.security.web.context.SecurityContextHolderFilter.doFilter(SecurityContextHolderFilter.java:69)
	at org.springframework.security.web.ObservationFilterChainDecorator$ObservationFilter.wrapFilter(ObservationFilterChainDecorator.java:240)
	at org.springframework.security.web.ObservationFilterChainDecorator$ObservationFilter.doFilter(ObservationFilterChainDecorator.java:227)
	at org.springframework.security.web.ObservationFilterChainDecorator$VirtualFilterChain.doFilter(ObservationFilterChainDecorator.java:137)
	at org.springframework.security.web.context.request.async.WebAsyncManagerIntegrationFilter.doFilterInternal(WebAsyncManagerIntegrationFilter.java:62)
	at org.springframework.web.filter.OncePerRequestFilter.doFilter(OncePerRequestFilter.java:116)
	at org.springframework.security.web.ObservationFilterChainDecorator$ObservationFilter.wrapFilter(ObservationFilterChainDecorator.java:240)
	at org.springframework.security.web.ObservationFilterChainDecorator$ObservationFilter.doFilter(ObservationFilterChainDecorator.java:227)
	at org.springframework.security.web.ObservationFilterChainDecorator$VirtualFilterChain.doFilter(ObservationFilterChainDecorator.java:137)
	at org.springframework.security.web.session.DisableEncodeUrlFilter.doFilterInternal(DisableEncodeUrlFilter.java:42)
	at org.springframework.web.filter.OncePerRequestFilter.doFilter(OncePerRequestFilter.java:116)
	at org.springframework.security.web.ObservationFilterChainDecorator$ObservationFilter.wrapFilter(ObservationFilterChainDecorator.java:240)
	at org.springframework.security.web.ObservationFilterChainDecorator$AroundFilterObservation$SimpleAroundFilterObservation.lambda$wrap$0(ObservationFilterChainDecorator.java:323)
	at org.springframework.security.web.ObservationFilterChainDecorator$ObservationFilter.doFilter(ObservationFilterChainDecorator.java:224)
	at org.springframework.security.web.ObservationFilterChainDecorator$VirtualFilterChain.doFilter(ObservationFilterChainDecorator.java:137)
	at org.springframework.security.web.FilterChainProxy.doFilterInternal(FilterChainProxy.java:233)
	at org.springframework.security.web.FilterChainProxy.doFilter(FilterChainProxy.java:191)
	at org.springframework.web.filter.CompositeFilter$VirtualFilterChain.doFilter(CompositeFilter.java:113)
	at org.springframework.web.servlet.handler.HandlerMappingIntrospector.lambda$createCacheFilter$3(HandlerMappingIntrospector.java:195)
	at org.springframework.web.filter.CompositeFilter$VirtualFilterChain.doFilter(CompositeFilter.java:113)
	at org.springframework.web.filter.CompositeFilter.doFilter(CompositeFilter.java:74)
	at org.springframework.security.config.annotation.web.configuration.WebMvcSecurityConfiguration$CompositeFilterChainProxy.doFilter(WebMvcSecurityConfiguration.java:225)
	at org.springframework.web.filter.DelegatingFilterProxy.invokeDelegate(DelegatingFilterProxy.java:352)
	at org.springframework.web.filter.DelegatingFilterProxy.doFilter(DelegatingFilterProxy.java:268)
	at org.apache.catalina.core.ApplicationFilterChain.internalDoFilter(ApplicationFilterChain.java:174)
	at org.apache.catalina.core.ApplicationFilterChain.doFilter(ApplicationFilterChain.java:149)
	at org.springframework.web.filter.RequestContextFilter.doFilterInternal(RequestContextFilter.java:100)
	at org.springframework.web.filter.OncePerRequestFilter.doFilter(OncePerRequestFilter.java:116)
	at org.apache.catalina.core.ApplicationFilterChain.internalDoFilter(ApplicationFilterChain.java:174)
	at org.apache.catalina.core.ApplicationFilterChain.doFilter(ApplicationFilterChain.java:149)
	at org.springframework.web.filter.FormContentFilter.doFilterInternal(FormContentFilter.java:93)
	at org.springframework.web.filter.OncePerRequestFilter.doFilter(OncePerRequestFilter.java:116)
	at org.apache.catalina.core.ApplicationFilterChain.internalDoFilter(ApplicationFilterChain.java:174)
	at org.apache.catalina.core.ApplicationFilterChain.doFilter(ApplicationFilterChain.java:149)
	at org.springframework.web.filter.ServerHttpObservationFilter.doFilterInternal(ServerHttpObservationFilter.java:109)
	at org.springframework.web.filter.OncePerRequestFilter.doFilter(OncePerRequestFilter.java:116)
	at org.apache.catalina.core.ApplicationFilterChain.internalDoFilter(ApplicationFilterChain.java:174)
	at org.apache.catalina.core.ApplicationFilterChain.doFilter(ApplicationFilterChain.java:149)
	at org.springframework.web.filter.CharacterEncodingFilter.doFilterInternal(CharacterEncodingFilter.java:201)
	at org.springframework.web.filter.OncePerRequestFilter.doFilter(OncePerRequestFilter.java:116)
	at org.apache.catalina.core.ApplicationFilterChain.internalDoFilter(ApplicationFilterChain.java:174)
	at org.apache.catalina.core.ApplicationFilterChain.doFilter(ApplicationFilterChain.java:149)
	at org.apache.catalina.core.StandardWrapperValve.invoke(StandardWrapperValve.java:167)
	at org.apache.catalina.core.StandardContextValve.invoke(StandardContextValve.java:90)
	at org.apache.catalina.authenticator.AuthenticatorBase.invoke(AuthenticatorBase.java:482)
	at org.apache.catalina.core.StandardHostValve.invoke(StandardHostValve.java:115)
	at org.apache.catalina.valves.ErrorReportValve.invoke(ErrorReportValve.java:93)
	at org.apache.catalina.core.StandardEngineValve.invoke(StandardEngineValve.java:74)
	at org.apache.catalina.connector.CoyoteAdapter.service(CoyoteAdapter.java:340)
	at org.apache.coyote.http11.Http11Processor.service(Http11Processor.java:391)
	at org.apache.coyote.AbstractProcessorLight.process(AbstractProcessorLight.java:63)
	at org.apache.coyote.AbstractProtocol$ConnectionHandler.process(AbstractProtocol.java:896)
	at org.apache.tomcat.util.net.NioEndpoint$SocketProcessor.doRun(NioEndpoint.java:1744)
	at org.apache.tomcat.util.net.SocketProcessorBase.run(SocketProcessorBase.java:52)
	at org.apache.tomcat.util.threads.ThreadPoolExecutor.runWorker(ThreadPoolExecutor.java:1191)
	at org.apache.tomcat.util.threads.ThreadPoolExecutor$Worker.run(ThreadPoolExecutor.java:659)
	at org.apache.tomcat.util.threads.TaskThread$WrappingRunnable.run(TaskThread.java:61)
	at java.base/java.lang.Thread.run(Thread.java:833)
17:25:55.831 [http-nio-8080-exec-3] INFO  c.f.i.a.inbound.AccountController - Received request to fetch account balances for user: g
17:25:55.837 [http-nio-8080-exec-3] INFO  c.f.i.a.inbound.AccountController - Successfully fetched 2 account balances for user: g
17:28:18.706 [http-nio-8080-exec-5] INFO  c.f.i.a.inbound.AccountController - Received request to fetch account balances for user: g
17:28:18.715 [http-nio-8080-exec-5] INFO  c.f.i.a.inbound.AccountController - Successfully fetched 2 account balances for user: g
17:28:23.719 [http-nio-8080-exec-8] INFO  c.f.i.a.inbound.AccountController - Received request to fetch account balances for user: g
17:28:23.722 [http-nio-8080-exec-8] INFO  c.f.i.a.inbound.AccountController - Successfully fetched 2 account balances for user: g
17:28:26.715 [http-nio-8080-exec-7] INFO  c.f.i.a.inbound.AccountController - Received request to fetch account balances for user: g
17:28:26.717 [http-nio-8080-exec-7] INFO  c.f.i.a.inbound.AccountController - Successfully fetched 2 account balances for user: g
17:28:29.712 [http-nio-8080-exec-1] INFO  c.f.i.a.inbound.AccountController - Received request to fetch account balances for user: g
17:28:29.714 [http-nio-8080-exec-1] INFO  c.f.i.a.inbound.AccountController - Successfully fetched 2 account balances for user: g
17:28:32.714 [http-nio-8080-exec-6] INFO  c.f.i.a.inbound.AccountController - Received request to fetch account balances for user: g
17:28:32.716 [http-nio-8080-exec-6] INFO  c.f.i.a.inbound.AccountController - Successfully fetched 2 account balances for user: g
17:28:36.715 [http-nio-8080-exec-2] INFO  c.f.i.a.inbound.AccountController - Received request to fetch account balances for user: g
17:28:36.718 [http-nio-8080-exec-2] INFO  c.f.i.a.inbound.AccountController - Successfully fetched 2 account balances for user: g
17:28:44.716 [http-nio-8080-exec-6] INFO  c.f.i.a.inbound.AccountController - Received request to fetch account balances for user: g
17:28:44.718 [http-nio-8080-exec-6] INFO  c.f.i.a.inbound.AccountController - Successfully fetched 2 account balances for user: g
17:28:45.679 [http-nio-8080-exec-5] INFO  c.f.i.a.inbound.AccountController - Received request to fetch account balances for user: g
17:28:45.682 [http-nio-8080-exec-5] INFO  c.f.i.a.inbound.AccountController - Successfully fetched 2 account balances for user: g
17:28:47.005 [http-nio-8080-exec-2] INFO  c.f.i.a.inbound.AccountController - Received request to fetch account balances for user: g
17:28:47.015 [http-nio-8080-exec-2] INFO  c.f.i.a.inbound.AccountController - Successfully fetched 2 account balances for user: g
17:28:49.809 [http-nio-8080-exec-9] INFO  c.f.i.a.inbound.AccountController - Received request to fetch account balances for user: g
17:28:49.812 [http-nio-8080-exec-9] INFO  c.f.i.a.inbound.AccountController - Successfully fetched 2 account balances for user: g
17:29:18.649 [http-nio-8080-exec-10] INFO  c.f.i.a.inbound.AccountController - Received request to fetch account balances for user: g
17:29:18.652 [http-nio-8080-exec-10] INFO  c.f.i.a.inbound.AccountController - Successfully fetched 2 account balances for user: g
17:29:29.426 [http-nio-8080-exec-10] INFO  c.f.i.a.inbound.AccountController - Received request to fetch account balances for user: g
17:29:29.430 [http-nio-8080-exec-10] INFO  c.f.i.a.inbound.AccountController - Successfully fetched 2 account balances for user: g
17:29:29.436 [http-nio-8080-exec-10] INFO  c.f.i.a.inbound.AccountController - Received request to fetch account balances for user: g
17:29:29.438 [http-nio-8080-exec-10] INFO  c.f.i.a.inbound.AccountController - Successfully fetched 2 account balances for user: g
17:29:52.684 [http-nio-8080-exec-6] INFO  c.f.i.a.inbound.AccountController - Received request to fetch account balances for user: g
17:29:52.686 [http-nio-8080-exec-6] INFO  c.f.i.a.inbound.AccountController - Successfully fetched 2 account balances for user: g
17:29:58.667 [http-nio-8080-exec-8] INFO  c.f.i.a.inbound.AccountController - Received request to fetch account balances for user: g
17:29:58.673 [http-nio-8080-exec-8] INFO  c.f.i.a.inbound.AccountController - Successfully fetched 2 account balances for user: g
17:30:00.693 [http-nio-8080-exec-9] INFO  c.f.i.a.inbound.AccountController - Received request to fetch account balances for user: g
17:30:00.695 [http-nio-8080-exec-9] INFO  c.f.i.a.inbound.AccountController - Successfully fetched 2 account balances for user: g
17:30:19.682 [http-nio-8080-exec-4] INFO  c.f.i.a.inbound.AccountController - Received request to fetch account balances for user: g
17:30:19.691 [http-nio-8080-exec-4] INFO  c.f.i.a.inbound.AccountController - Successfully fetched 2 account balances for user: g
17:30:20.665 [http-nio-8080-exec-8] INFO  c.f.i.a.inbound.AccountController - Received request to fetch account balances for user: g
17:30:20.668 [http-nio-8080-exec-8] INFO  c.f.i.a.inbound.AccountController - Successfully fetched 2 account balances for user: g
17:30:24.655 [http-nio-8080-exec-6] INFO  c.f.i.a.inbound.AccountController - Received request to fetch account balances for user: g
17:30:24.657 [http-nio-8080-exec-6] INFO  c.f.i.a.inbound.AccountController - Successfully fetched 2 account balances for user: g
17:30:25.665 [http-nio-8080-exec-4] INFO  c.f.i.a.inbound.AccountController - Received request to fetch account balances for user: g
17:30:25.669 [http-nio-8080-exec-4] INFO  c.f.i.a.inbound.AccountController - Successfully fetched 2 account balances for user: g
17:30:26.683 [http-nio-8080-exec-8] INFO  c.f.i.a.inbound.AccountController - Received request to fetch account balances for user: g
17:30:26.688 [http-nio-8080-exec-8] INFO  c.f.i.a.inbound.AccountController - Successfully fetched 2 account balances for user: g
17:30:32.664 [http-nio-8080-exec-10] INFO  c.f.i.a.inbound.AccountController - Received request to fetch account balances for user: g
17:30:32.667 [http-nio-8080-exec-10] INFO  c.f.i.a.inbound.AccountController - Successfully fetched 2 account balances for user: g
17:30:34.661 [http-nio-8080-exec-4] INFO  c.f.i.a.inbound.AccountController - Received request to fetch account balances for user: g
17:30:34.664 [http-nio-8080-exec-4] INFO  c.f.i.a.inbound.AccountController - Successfully fetched 2 account balances for user: g
17:30:37.656 [http-nio-8080-exec-7] INFO  c.f.i.a.inbound.AccountController - Received request to fetch account balances for user: g
17:30:37.658 [http-nio-8080-exec-7] INFO  c.f.i.a.inbound.AccountController - Successfully fetched 2 account balances for user: g
17:30:39.659 [http-nio-8080-exec-10] INFO  c.f.i.a.inbound.AccountController - Received request to fetch account balances for user: g
17:30:39.662 [http-nio-8080-exec-10] INFO  c.f.i.a.inbound.AccountController - Successfully fetched 2 account balances for user: g
17:30:43.664 [http-nio-8080-exec-3] INFO  c.f.i.a.inbound.AccountController - Received request to fetch account balances for user: g
17:30:43.668 [http-nio-8080-exec-3] INFO  c.f.i.a.inbound.AccountController - Successfully fetched 2 account balances for user: g
17:30:45.679 [http-nio-8080-exec-5] INFO  c.f.i.a.inbound.AccountController - Received request to fetch account balances for user: g
17:30:45.681 [http-nio-8080-exec-5] INFO  c.f.i.a.inbound.AccountController - Successfully fetched 2 account balances for user: g
17:30:49.655 [http-nio-8080-exec-4] INFO  c.f.i.a.inbound.AccountController - Received request to fetch account balances for user: g
17:30:49.657 [http-nio-8080-exec-4] INFO  c.f.i.a.inbound.AccountController - Successfully fetched 2 account balances for user: g
17:30:50.669 [http-nio-8080-exec-8] INFO  c.f.i.a.inbound.AccountController - Received request to fetch account balances for user: g
17:30:50.672 [http-nio-8080-exec-8] INFO  c.f.i.a.inbound.AccountController - Successfully fetched 2 account balances for user: g
17:30:57.726 [http-nio-8080-exec-5] INFO  c.f.i.a.inbound.AccountController - Received request to fetch account balances for user: g
17:30:57.730 [http-nio-8080-exec-5] INFO  c.f.i.a.inbound.AccountController - Successfully fetched 2 account balances for user: g
17:32:34.742 [http-nio-8080-exec-1] INFO  c.f.i.a.inbound.AccountController - Received request to fetch account balances for user: g
17:32:34.758 [http-nio-8080-exec-1] INFO  c.f.i.a.inbound.AccountController - Successfully fetched 2 account balances for user: g
17:32:35.694 [http-nio-8080-exec-9] INFO  c.f.i.a.inbound.AccountController - Received request to fetch account balances for user: g
17:32:35.695 [http-nio-8080-exec-9] INFO  c.f.i.a.inbound.AccountController - Successfully fetched 2 account balances for user: g
17:33:00.829 [http-nio-8080-exec-6] INFO  c.f.i.a.inbound.AccountController - Received request to fetch account balances for user: g
17:33:00.862 [http-nio-8080-exec-6] INFO  c.f.i.a.inbound.AccountController - Successfully fetched 2 account balances for user: g
17:33:18.512 [http-nio-8080-exec-5] INFO  c.f.i.a.inbound.AccountController - Received request to fetch account balances for user: g
17:33:18.517 [http-nio-8080-exec-5] INFO  c.f.i.a.inbound.AccountController - Successfully fetched 2 account balances for user: g
17:33:18.527 [http-nio-8080-exec-2] INFO  c.f.i.a.inbound.AccountController - Received request to fetch account balances for user: g
17:33:18.529 [http-nio-8080-exec-2] INFO  c.f.i.a.inbound.AccountController - Successfully fetched 2 account balances for user: g
17:33:57.685 [http-nio-8080-exec-2] INFO  c.f.i.a.inbound.AccountController - Received request to fetch account balances for user: g
17:33:57.691 [http-nio-8080-exec-2] INFO  c.f.i.a.inbound.AccountController - Successfully fetched 2 account balances for user: g
17:34:00.659 [http-nio-8080-exec-8] INFO  c.f.i.a.inbound.AccountController - Received request to fetch account balances for user: g
17:34:00.672 [http-nio-8080-exec-8] INFO  c.f.i.a.inbound.AccountController - Successfully fetched 2 account balances for user: g
17:35:23.752 [http-nio-8080-exec-7] INFO  c.f.i.a.inbound.AccountController - Received request to fetch account balances for user: g
17:35:23.756 [http-nio-8080-exec-7] INFO  c.f.i.a.inbound.AccountController - Successfully fetched 2 account balances for user: g
